{"/home/travis/build/npmtest/node-npmtest-web-component-tester/test.js":{"path":"/home/travis/build/npmtest/node-npmtest-web-component-tester/test.js","s":{"1":2,"2":2,"3":2,"4":2,"5":2,"6":2,"7":2,"8":1,"9":2,"10":2,"11":1,"12":1,"13":1,"14":1,"15":2,"16":2,"17":2,"18":2,"19":1,"20":1,"21":2,"22":2,"23":2,"24":1,"25":1,"26":1,"27":1,"28":1,"29":1,"30":1,"31":1,"32":1,"33":1,"34":1,"35":1,"36":1,"37":1,"38":1,"39":2,"40":2,"41":1,"42":2,"43":2,"44":1,"45":2,"46":2,"47":1,"48":2,"49":2,"50":1,"51":1,"52":1,"53":1,"54":1},"b":{"1":[2,1,1,1],"2":[1,1,1,1],"3":[1,1],"4":[1,1],"5":[1,1],"6":[1,1],"7":[1,1],"8":[1,1],"9":[1,1],"10":[1,1,1],"11":[1,1],"12":[1,1],"13":[1,1],"14":[1,1],"15":[1,1],"16":[1,1],"17":[1,1]},"f":{"1":2,"2":2,"3":2,"4":2,"5":2,"6":1,"7":1,"8":1,"9":2,"10":2,"11":2,"12":2,"13":1},"fnMap":{"1":{"name":"(anonymous_1)","line":12,"loc":{"start":{"line":12,"column":1},"end":{"line":12,"column":13}}},"2":{"name":"(anonymous_2)","line":19,"loc":{"start":{"line":19,"column":5},"end":{"line":19,"column":17}}},"3":{"name":"(anonymous_3)","line":23,"loc":{"start":{"line":23,"column":24},"end":{"line":23,"column":36}}},"4":{"name":"(anonymous_4)","line":61,"loc":{"start":{"line":61,"column":5},"end":{"line":61,"column":17}}},"5":{"name":"(anonymous_5)","line":82,"loc":{"start":{"line":82,"column":5},"end":{"line":82,"column":17}}},"6":{"name":"(anonymous_6)","line":91,"loc":{"start":{"line":91,"column":77},"end":{"line":94,"column":10}}},"7":{"name":"(anonymous_7)","line":112,"loc":{"start":{"line":112,"column":83},"end":{"line":115,"column":10}},"skip":true},"8":{"name":"(anonymous_8)","line":123,"loc":{"start":{"line":123,"column":77},"end":{"line":126,"column":10}},"skip":true},"9":{"name":"(anonymous_9)","line":139,"loc":{"start":{"line":139,"column":12},"end":{"line":139,"column":40}},"skip":true},"10":{"name":"(anonymous_10)","line":147,"loc":{"start":{"line":147,"column":77},"end":{"line":150,"column":10}},"skip":true},"11":{"name":"(anonymous_11)","line":158,"loc":{"start":{"line":158,"column":83},"end":{"line":161,"column":10}},"skip":true},"12":{"name":"(anonymous_12)","line":169,"loc":{"start":{"line":169,"column":79},"end":{"line":172,"column":10}},"skip":true},"13":{"name":"(anonymous_13)","line":180,"loc":{"start":{"line":180,"column":75},"end":{"line":183,"column":10}},"skip":true}},"statementMap":{"1":{"start":{"line":12,"column":0},"end":{"line":195,"column":5}},"2":{"start":{"line":14,"column":4},"end":{"line":14,"column":14}},"3":{"start":{"line":19,"column":4},"end":{"line":56,"column":9}},"4":{"start":{"line":21,"column":8},"end":{"line":21,"column":19}},"5":{"start":{"line":23,"column":8},"end":{"line":35,"column":13}},"6":{"start":{"line":24,"column":12},"end":{"line":34,"column":13}},"7":{"start":{"line":25,"column":16},"end":{"line":28,"column":30}},"8":{"start":{"line":30,"column":16},"end":{"line":33,"column":27}},"9":{"start":{"line":37,"column":8},"end":{"line":39,"column":21}},"10":{"start":{"line":40,"column":8},"end":{"line":53,"column":9}},"11":{"start":{"line":43,"column":12},"end":{"line":46,"column":14}},"12":{"start":{"line":47,"column":12},"end":{"line":47,"column":18}},"13":{"start":{"line":50,"column":12},"end":{"line":51,"column":33}},"14":{"start":{"line":52,"column":12},"end":{"line":52,"column":18}},"15":{"start":{"line":55,"column":8},"end":{"line":55,"column":35}},"16":{"start":{"line":61,"column":4},"end":{"line":63,"column":9}},"17":{"start":{"line":62,"column":8},"end":{"line":62,"column":15}},"18":{"start":{"line":64,"column":4},"end":{"line":77,"column":5}},"19":{"start":{"line":70,"column":8},"end":{"line":70,"column":14}},"20":{"start":{"line":76,"column":8},"end":{"line":76,"column":14}},"21":{"start":{"line":82,"column":4},"end":{"line":84,"column":9}},"22":{"start":{"line":83,"column":8},"end":{"line":83,"column":15}},"23":{"start":{"line":85,"column":4},"end":{"line":194,"column":5}},"24":{"start":{"line":91,"column":8},"end":{"line":99,"column":10}},"25":{"start":{"line":98,"column":12},"end":{"line":98,"column":35}},"26":{"start":{"line":102,"column":8},"end":{"line":104,"column":63}},"27":{"start":{"line":105,"column":8},"end":{"line":105,"column":14}},"28":{"start":{"line":112,"column":8},"end":{"line":121,"column":10},"skip":true},"29":{"start":{"line":119,"column":12},"end":{"line":119,"column":55},"skip":true},"30":{"start":{"line":120,"column":12},"end":{"line":120,"column":48},"skip":true},"31":{"start":{"line":123,"column":8},"end":{"line":136,"column":10},"skip":true},"32":{"start":{"line":130,"column":12},"end":{"line":130,"column":76},"skip":true},"33":{"start":{"line":131,"column":12},"end":{"line":131,"column":73},"skip":true},"34":{"start":{"line":132,"column":12},"end":{"line":132,"column":74},"skip":true},"35":{"start":{"line":133,"column":12},"end":{"line":133,"column":79},"skip":true},"36":{"start":{"line":134,"column":12},"end":{"line":134,"column":25},"skip":true},"37":{"start":{"line":135,"column":12},"end":{"line":135,"column":45},"skip":true},"38":{"start":{"line":138,"column":8},"end":{"line":145,"column":14},"skip":true},"39":{"start":{"line":143,"column":16},"end":{"line":143,"column":29},"skip":true},"40":{"start":{"line":144,"column":16},"end":{"line":144,"column":55},"skip":true},"41":{"start":{"line":147,"column":8},"end":{"line":156,"column":10},"skip":true},"42":{"start":{"line":154,"column":12},"end":{"line":154,"column":25},"skip":true},"43":{"start":{"line":155,"column":12},"end":{"line":155,"column":45},"skip":true},"44":{"start":{"line":158,"column":8},"end":{"line":167,"column":10},"skip":true},"45":{"start":{"line":165,"column":12},"end":{"line":165,"column":25},"skip":true},"46":{"start":{"line":166,"column":12},"end":{"line":166,"column":48},"skip":true},"47":{"start":{"line":169,"column":8},"end":{"line":178,"column":10},"skip":true},"48":{"start":{"line":176,"column":12},"end":{"line":176,"column":25},"skip":true},"49":{"start":{"line":177,"column":12},"end":{"line":177,"column":46},"skip":true},"50":{"start":{"line":180,"column":8},"end":{"line":189,"column":10},"skip":true},"51":{"start":{"line":187,"column":12},"end":{"line":187,"column":94},"skip":true},"52":{"start":{"line":188,"column":12},"end":{"line":188,"column":48},"skip":true},"53":{"start":{"line":192,"column":8},"end":{"line":192,"column":35},"skip":true},"54":{"start":{"line":193,"column":8},"end":{"line":193,"column":14},"skip":true}},"branchMap":{"1":{"line":25,"type":"binary-expr","locations":[{"start":{"line":25,"column":23},"end":{"line":25,"column":62}},{"start":{"line":26,"column":20},"end":{"line":26,"column":70}},{"start":{"line":27,"column":20},"end":{"line":27,"column":71}},{"start":{"line":28,"column":20},"end":{"line":28,"column":29}}]},"2":{"line":30,"type":"binary-expr","locations":[{"start":{"line":30,"column":23},"end":{"line":30,"column":37}},{"start":{"line":31,"column":20},"end":{"line":31,"column":61}},{"start":{"line":32,"column":20},"end":{"line":32,"column":70}},{"start":{"line":33,"column":20},"end":{"line":33,"column":26}}]},"3":{"line":37,"type":"cond-expr","locations":[{"start":{"line":38,"column":14},"end":{"line":38,"column":20}},{"start":{"line":39,"column":14},"end":{"line":39,"column":20}}]},"4":{"line":40,"type":"switch","locations":[{"start":{"line":42,"column":8},"end":{"line":47,"column":18}},{"start":{"line":49,"column":8},"end":{"line":52,"column":18}}]},"5":{"line":44,"type":"binary-expr","locations":[{"start":{"line":44,"column":16},"end":{"line":44,"column":44}},{"start":{"line":44,"column":48},"end":{"line":44,"column":66}}]},"6":{"line":50,"type":"binary-expr","locations":[{"start":{"line":50,"column":21},"end":{"line":50,"column":49}},{"start":{"line":50,"column":53},"end":{"line":50,"column":72}}]},"7":{"line":64,"type":"switch","locations":[{"start":{"line":69,"column":4},"end":{"line":70,"column":14}},{"start":{"line":75,"column":4},"end":{"line":76,"column":14}}]},"8":{"line":85,"type":"switch","locations":[{"start":{"line":90,"column":4},"end":{"line":105,"column":14}},{"start":{"line":111,"column":4},"end":{"line":193,"column":14},"skip":true}]},"9":{"line":91,"type":"binary-expr","locations":[{"start":{"line":91,"column":42},"end":{"line":91,"column":73}},{"start":{"line":91,"column":77},"end":{"line":99,"column":9}}]},"10":{"line":102,"type":"binary-expr","locations":[{"start":{"line":102,"column":18},"end":{"line":102,"column":32}},{"start":{"line":103,"column":12},"end":{"line":103,"column":53}},{"start":{"line":104,"column":12},"end":{"line":104,"column":61}}]},"11":{"line":112,"type":"binary-expr","locations":[{"start":{"line":112,"column":45},"end":{"line":112,"column":79},"skip":true},{"start":{"line":112,"column":83},"end":{"line":121,"column":9},"skip":true}]},"12":{"line":123,"type":"binary-expr","locations":[{"start":{"line":123,"column":42},"end":{"line":123,"column":73},"skip":true},{"start":{"line":123,"column":77},"end":{"line":136,"column":9},"skip":true}]},"13":{"line":138,"type":"binary-expr","locations":[{"start":{"line":138,"column":48},"end":{"line":138,"column":85},"skip":true},{"start":{"line":139,"column":12},"end":{"line":145,"column":13},"skip":true}]},"14":{"line":147,"type":"binary-expr","locations":[{"start":{"line":147,"column":42},"end":{"line":147,"column":73},"skip":true},{"start":{"line":147,"column":77},"end":{"line":156,"column":9},"skip":true}]},"15":{"line":158,"type":"binary-expr","locations":[{"start":{"line":158,"column":45},"end":{"line":158,"column":79},"skip":true},{"start":{"line":158,"column":83},"end":{"line":167,"column":9},"skip":true}]},"16":{"line":169,"type":"binary-expr","locations":[{"start":{"line":169,"column":43},"end":{"line":169,"column":75},"skip":true},{"start":{"line":169,"column":79},"end":{"line":178,"column":9},"skip":true}]},"17":{"line":180,"type":"binary-expr","locations":[{"start":{"line":180,"column":41},"end":{"line":180,"column":71},"skip":true},{"start":{"line":180,"column":75},"end":{"line":189,"column":9},"skip":true}]}},"code":["/* istanbul instrument in package npmtest_web_component_tester */","/*jslint","    bitwise: true,","    browser: true,","    maxerr: 8,","    maxlen: 96,","    node: true,","    nomen: true,","    regexp: true,","    stupid: true","*/","(function () {","    'use strict';","    var local;","","","","    // run shared js-env code - pre-init","    (function () {","        // init local","        local = {};","        // init modeJs","        local.modeJs = (function () {","            try {","                return typeof navigator.userAgent === 'string' &&","                    typeof document.querySelector('body') === 'object' &&","                    typeof XMLHttpRequest.prototype.open === 'function' &&","                    'browser';","            } catch (errorCaughtBrowser) {","                return module.exports &&","                    typeof process.versions.node === 'string' &&","                    typeof require('http').createServer === 'function' &&","                    'node';","            }","        }());","        // init global","        local.global = local.modeJs === 'browser'","            ? window","            : global;","        switch (local.modeJs) {","        // re-init local from window.local","        case 'browser':","            local = local.global.utility2.objectSetDefault(","                local.global.utility2_rollup || local.global.local,","                local.global.utility2","            );","            break;","        // re-init local from example.js","        case 'node':","            local = (local.global.utility2_rollup || require('utility2'))","                .requireReadme();","            break;","        }","        // export local","        local.global.local = local;","    }());","","","","    // run shared js-env code - function","    (function () {","        return;","    }());","    switch (local.modeJs) {","","","","    // run browser js-env code - function","    case 'browser':","        break;","","","","    // run node js-env code - function","    case 'node':","        break;","    }","","","","    // run shared js-env code - post-init","    (function () {","        return;","    }());","    switch (local.modeJs) {","","","","    // run browser js-env code - post-init","    case 'browser':","        local.testCase_browser_nullCase = local.testCase_browser_nullCase || function (","            options,","            onError","        ) {","        /*","         * this function will test browsers's null-case handling-behavior-behavior","         */","            onError(null, options);","        };","","        // run tests","        local.nop(local.modeTest &&","            document.querySelector('#testRunButton1') &&","            document.querySelector('#testRunButton1').click());","        break;","","","","    // run node js-env code - post-init","    /* istanbul ignore next */","    case 'node':","        local.testCase_buildApidoc_default = local.testCase_buildApidoc_default || function (","            options,","            onError","        ) {","        /*","         * this function will test buildApidoc's default handling-behavior-behavior","         */","            options = { modulePathList: module.paths };","            local.buildApidoc(options, onError);","        };","","        local.testCase_buildApp_default = local.testCase_buildApp_default || function (","            options,","            onError","        ) {","        /*","         * this function will test buildApp's default handling-behavior-behavior","         */","            local.testCase_buildReadme_default(options, local.onErrorThrow);","            local.testCase_buildLib_default(options, local.onErrorThrow);","            local.testCase_buildTest_default(options, local.onErrorThrow);","            local.testCase_buildCustomOrg_default(options, local.onErrorThrow);","            options = [];","            local.buildApp(options, onError);","        };","","        local.testCase_buildCustomOrg_default = local.testCase_buildCustomOrg_default ||","            function (options, onError) {","            /*","             * this function will test buildCustomOrg's default handling-behavior","             */","                options = {};","                local.buildCustomOrg(options, onError);","            };","","        local.testCase_buildLib_default = local.testCase_buildLib_default || function (","            options,","            onError","        ) {","        /*","         * this function will test buildLib's default handling-behavior","         */","            options = {};","            local.buildLib(options, onError);","        };","","        local.testCase_buildReadme_default = local.testCase_buildReadme_default || function (","            options,","            onError","        ) {","        /*","         * this function will test buildReadme's default handling-behavior-behavior","         */","            options = {};","            local.buildReadme(options, onError);","        };","","        local.testCase_buildTest_default = local.testCase_buildTest_default || function (","            options,","            onError","        ) {","        /*","         * this function will test buildTest's default handling-behavior","         */","            options = {};","            local.buildTest(options, onError);","        };","","        local.testCase_webpage_default = local.testCase_webpage_default || function (","            options,","            onError","        ) {","        /*","         * this function will test webpage's default handling-behavior","         */","            options = { modeCoverageMerge: true, url: local.serverLocalHost + '?modeTest=1' };","            local.browserTest(options, onError);","        };","","        // run test-server","        local.testRunServer(local);","        break;","    }","}());",""],"l":{"12":2,"14":2,"19":2,"21":2,"23":2,"24":2,"25":2,"30":1,"37":2,"40":2,"43":1,"47":1,"50":1,"52":1,"55":2,"61":2,"62":2,"64":2,"70":1,"76":1,"82":2,"83":2,"85":2,"91":1,"98":1,"102":1,"105":1,"112":1,"119":1,"120":1,"123":1,"130":1,"131":1,"132":1,"133":1,"134":1,"135":1,"138":1,"143":2,"144":2,"147":1,"154":2,"155":2,"158":1,"165":2,"166":2,"169":1,"176":2,"177":2,"180":1,"187":1,"188":1,"192":1,"193":1}},"/home/travis/build/npmtest/node-npmtest-web-component-tester/lib.npmtest_web_component_tester.js":{"path":"/home/travis/build/npmtest/node-npmtest-web-component-tester/lib.npmtest_web_component_tester.js","s":{"1":2,"2":2,"3":2,"4":2,"5":2,"6":2,"7":2,"8":1,"9":2,"10":2,"11":2,"12":2,"13":1,"14":1,"15":1,"16":1},"b":{"1":[2,1,1,1],"2":[1,1,1,1],"3":[1,1],"4":[2,2],"5":[1,1]},"f":{"1":2,"2":2,"3":2},"fnMap":{"1":{"name":"(anonymous_1)","line":12,"loc":{"start":{"line":12,"column":1},"end":{"line":12,"column":13}}},"2":{"name":"(anonymous_2)","line":19,"loc":{"start":{"line":19,"column":5},"end":{"line":19,"column":17}}},"3":{"name":"(anonymous_3)","line":23,"loc":{"start":{"line":23,"column":24},"end":{"line":23,"column":36}}}},"statementMap":{"1":{"start":{"line":12,"column":0},"end":{"line":53,"column":5}},"2":{"start":{"line":14,"column":4},"end":{"line":14,"column":14}},"3":{"start":{"line":19,"column":4},"end":{"line":52,"column":9}},"4":{"start":{"line":21,"column":8},"end":{"line":21,"column":19}},"5":{"start":{"line":23,"column":8},"end":{"line":35,"column":13}},"6":{"start":{"line":24,"column":12},"end":{"line":34,"column":13}},"7":{"start":{"line":25,"column":16},"end":{"line":28,"column":30}},"8":{"start":{"line":30,"column":16},"end":{"line":33,"column":27}},"9":{"start":{"line":37,"column":8},"end":{"line":39,"column":21}},"10":{"start":{"line":41,"column":8},"end":{"line":41,"column":54}},"11":{"start":{"line":43,"column":8},"end":{"line":43,"column":65}},"12":{"start":{"line":45,"column":8},"end":{"line":51,"column":9}},"13":{"start":{"line":46,"column":12},"end":{"line":46,"column":71}},"14":{"start":{"line":48,"column":12},"end":{"line":48,"column":35}},"15":{"start":{"line":49,"column":12},"end":{"line":49,"column":49}},"16":{"start":{"line":50,"column":12},"end":{"line":50,"column":43}}},"branchMap":{"1":{"line":25,"type":"binary-expr","locations":[{"start":{"line":25,"column":23},"end":{"line":25,"column":62}},{"start":{"line":26,"column":20},"end":{"line":26,"column":70}},{"start":{"line":27,"column":20},"end":{"line":27,"column":71}},{"start":{"line":28,"column":20},"end":{"line":28,"column":29}}]},"2":{"line":30,"type":"binary-expr","locations":[{"start":{"line":30,"column":23},"end":{"line":30,"column":37}},{"start":{"line":31,"column":20},"end":{"line":31,"column":61}},{"start":{"line":32,"column":20},"end":{"line":32,"column":70}},{"start":{"line":33,"column":20},"end":{"line":33,"column":26}}]},"3":{"line":37,"type":"cond-expr","locations":[{"start":{"line":38,"column":14},"end":{"line":38,"column":20}},{"start":{"line":39,"column":14},"end":{"line":39,"column":20}}]},"4":{"line":41,"type":"binary-expr","locations":[{"start":{"line":41,"column":16},"end":{"line":41,"column":44}},{"start":{"line":41,"column":48},"end":{"line":41,"column":53}}]},"5":{"line":45,"type":"if","locations":[{"start":{"line":45,"column":8},"end":{"line":45,"column":8}},{"start":{"line":45,"column":8},"end":{"line":45,"column":8}}]}},"code":["/* istanbul instrument in package npmtest_web_component_tester */","/*jslint","    bitwise: true,","    browser: true,","    maxerr: 8,","    maxlen: 96,","    node: true,","    nomen: true,","    regexp: true,","    stupid: true","*/","(function () {","    'use strict';","    var local;","","","","    // run shared js-env code - pre-init","    (function () {","        // init local","        local = {};","        // init modeJs","        local.modeJs = (function () {","            try {","                return typeof navigator.userAgent === 'string' &&","                    typeof document.querySelector('body') === 'object' &&","                    typeof XMLHttpRequest.prototype.open === 'function' &&","                    'browser';","            } catch (errorCaughtBrowser) {","                return module.exports &&","                    typeof process.versions.node === 'string' &&","                    typeof require('http').createServer === 'function' &&","                    'node';","            }","        }());","        // init global","        local.global = local.modeJs === 'browser'","            ? window","            : global;","        // init utility2_rollup","        local = local.global.utility2_rollup || local;","        // init lib","        local.local = local.npmtest_web_component_tester = local;","        // init exports","        if (local.modeJs === 'browser') {","            local.global.utility2_npmtest_web_component_tester = local;","        } else {","            module.exports = local;","            module.exports.__dirname = __dirname;","            module.exports.module = module;","        }","    }());","}());",""],"l":{"12":2,"14":2,"19":2,"21":2,"23":2,"24":2,"25":2,"30":1,"37":2,"41":2,"43":2,"45":2,"46":1,"48":1,"49":1,"50":1}},"/home/travis/build/npmtest/node-npmtest-web-component-tester/example.js":{"path":"/home/travis/build/npmtest/node-npmtest-web-component-tester/example.js","s":{"1":2,"2":2,"3":2,"4":2,"5":2,"6":2,"7":2,"8":1,"9":2,"10":2,"11":2,"12":2,"13":1,"14":2,"15":2,"16":2,"17":2,"18":2,"19":0,"20":2,"21":1,"22":1,"23":1,"24":1,"25":1,"26":0,"27":0,"28":1,"29":1,"30":2,"31":0,"32":0,"33":0,"34":1,"35":2,"36":2,"37":3,"38":3,"39":3,"40":3,"41":0,"42":3,"43":3,"44":3,"45":1,"46":3,"47":1,"48":1,"49":1,"50":1,"51":1,"52":1,"53":1,"54":1,"55":1,"56":1,"57":0,"58":1,"59":6,"60":6,"61":1,"62":2,"63":0,"64":2,"65":1,"66":1,"67":0,"68":0,"69":0,"70":0,"71":0,"72":0,"73":0,"74":0,"75":0,"76":0,"77":0,"78":0,"79":0,"80":0,"81":0,"82":0,"83":0},"b":{"1":[2,1,1,1],"2":[1,1,1,1],"3":[1,1],"4":[2,2],"5":[1,1],"6":[1,1],"7":[2,0],"8":[2,1,1,1,1,1],"9":[0,2,0],"10":[1,1],"11":[2,1,1],"12":[1,0],"13":[0,2],"14":[2,0,0,0,0,0,0],"15":[0,3],"16":[3,0],"17":[1,1],"18":[0,1],"19":[1,2,0,2],"20":[1,0],"21":[1,1],"22":[0,0],"23":[0,0],"24":[0,0],"25":[0,0],"26":[0,0],"27":[0,0],"28":[0,0]},"f":{"1":2,"2":2,"3":2,"4":2,"5":2,"6":2,"7":3,"8":3,"9":3,"10":1,"11":6,"12":0},"fnMap":{"1":{"name":"(anonymous_1)","line":26,"loc":{"start":{"line":26,"column":1},"end":{"line":26,"column":13}}},"2":{"name":"(anonymous_2)","line":33,"loc":{"start":{"line":33,"column":5},"end":{"line":33,"column":17}}},"3":{"name":"(anonymous_3)","line":37,"loc":{"start":{"line":37,"column":24},"end":{"line":37,"column":36}}},"4":{"name":"(anonymous_4)","line":69,"loc":{"start":{"line":69,"column":31},"end":{"line":69,"column":48}},"skip":true},"5":{"name":"(anonymous_5)","line":78,"loc":{"start":{"line":78,"column":26},"end":{"line":78,"column":45}},"skip":true},"6":{"name":"(anonymous_6)","line":123,"loc":{"start":{"line":123,"column":33},"end":{"line":123,"column":48}},"skip":true},"7":{"name":"(anonymous_7)","line":125,"loc":{"start":{"line":125,"column":27},"end":{"line":125,"column":39}},"skip":true},"8":{"name":"(anonymous_8)","line":133,"loc":{"start":{"line":133,"column":59},"end":{"line":133,"column":74}},"skip":true},"9":{"name":"(anonymous_9)","line":143,"loc":{"start":{"line":143,"column":45},"end":{"line":143,"column":62}},"skip":true},"10":{"name":"(anonymous_10)","line":144,"loc":{"start":{"line":144,"column":73},"end":{"line":144,"column":92}},"skip":true},"11":{"name":"(anonymous_11)","line":272,"loc":{"start":{"line":272,"column":51},"end":{"line":272,"column":77}},"skip":true},"12":{"name":"(anonymous_12)","line":315,"loc":{"start":{"line":315,"column":32},"end":{"line":315,"column":61}},"skip":true}},"statementMap":{"1":{"start":{"line":26,"column":0},"end":{"line":326,"column":5}},"2":{"start":{"line":28,"column":4},"end":{"line":28,"column":14}},"3":{"start":{"line":33,"column":4},"end":{"line":60,"column":9}},"4":{"start":{"line":35,"column":8},"end":{"line":35,"column":19}},"5":{"start":{"line":37,"column":8},"end":{"line":49,"column":13}},"6":{"start":{"line":38,"column":12},"end":{"line":48,"column":13}},"7":{"start":{"line":39,"column":16},"end":{"line":42,"column":30}},"8":{"start":{"line":44,"column":16},"end":{"line":47,"column":27}},"9":{"start":{"line":51,"column":8},"end":{"line":53,"column":21}},"10":{"start":{"line":55,"column":8},"end":{"line":57,"column":45}},"11":{"start":{"line":59,"column":8},"end":{"line":59,"column":35}},"12":{"start":{"line":61,"column":4},"end":{"line":325,"column":5}},"13":{"start":{"line":69,"column":8},"end":{"line":121,"column":10},"skip":true},"14":{"start":{"line":70,"column":12},"end":{"line":88,"column":13},"skip":true},"15":{"start":{"line":76,"column":16},"end":{"line":87,"column":19},"skip":true},"16":{"start":{"line":79,"column":20},"end":{"line":86,"column":21},"skip":true},"17":{"start":{"line":82,"column":24},"end":{"line":82,"column":43},"skip":true},"18":{"start":{"line":83,"column":24},"end":{"line":83,"column":30},"skip":true},"19":{"start":{"line":85,"column":24},"end":{"line":85,"column":49},"skip":true},"20":{"start":{"line":89,"column":12},"end":{"line":107,"column":13},"skip":true},"21":{"start":{"line":92,"column":16},"end":{"line":102,"column":17},"skip":true},"22":{"start":{"line":93,"column":20},"end":{"line":93,"column":86},"skip":true},"23":{"start":{"line":94,"column":20},"end":{"line":95,"column":45},"skip":true},"24":{"start":{"line":96,"column":20},"end":{"line":96,"column":42},"skip":true},"25":{"start":{"line":97,"column":20},"end":{"line":97,"column":48},"skip":true},"26":{"start":{"line":100,"column":20},"end":{"line":100,"column":85},"skip":true},"27":{"start":{"line":101,"column":20},"end":{"line":101,"column":96},"skip":true},"28":{"start":{"line":103,"column":16},"end":{"line":103,"column":22},"skip":true},"29":{"start":{"line":106,"column":16},"end":{"line":106,"column":22},"skip":true},"30":{"start":{"line":108,"column":12},"end":{"line":120,"column":13},"skip":true},"31":{"start":{"line":114,"column":16},"end":{"line":119,"column":17},"skip":true},"32":{"start":{"line":116,"column":20},"end":{"line":116,"column":78},"skip":true},"33":{"start":{"line":118,"column":20},"end":{"line":118,"column":47},"skip":true},"34":{"start":{"line":123,"column":8},"end":{"line":141,"column":11},"skip":true},"35":{"start":{"line":124,"column":12},"end":{"line":124,"column":54},"skip":true},"36":{"start":{"line":125,"column":12},"end":{"line":140,"column":14},"skip":true},"37":{"start":{"line":126,"column":16},"end":{"line":126,"column":28},"skip":true},"38":{"start":{"line":127,"column":16},"end":{"line":127,"column":69},"skip":true},"39":{"start":{"line":128,"column":16},"end":{"line":128,"column":75},"skip":true},"40":{"start":{"line":129,"column":16},"end":{"line":131,"column":17},"skip":true},"41":{"start":{"line":130,"column":20},"end":{"line":130,"column":27},"skip":true},"42":{"start":{"line":133,"column":16},"end":{"line":137,"column":36},"skip":true},"43":{"start":{"line":134,"column":20},"end":{"line":136,"column":55},"skip":true},"44":{"start":{"line":139,"column":16},"end":{"line":139,"column":57},"skip":true},"45":{"start":{"line":143,"column":8},"end":{"line":147,"column":11},"skip":true},"46":{"start":{"line":144,"column":12},"end":{"line":146,"column":15},"skip":true},"47":{"start":{"line":145,"column":16},"end":{"line":145,"column":70},"skip":true},"48":{"start":{"line":149,"column":8},"end":{"line":149,"column":31},"skip":true},"49":{"start":{"line":150,"column":8},"end":{"line":150,"column":14},"skip":true},"50":{"start":{"line":158,"column":8},"end":{"line":158,"column":31},"skip":true},"51":{"start":{"line":160,"column":8},"end":{"line":160,"column":33},"skip":true},"52":{"start":{"line":161,"column":8},"end":{"line":161,"column":37},"skip":true},"53":{"start":{"line":162,"column":8},"end":{"line":162,"column":35},"skip":true},"54":{"start":{"line":164,"column":8},"end":{"line":164,"column":50},"skip":true},"55":{"start":{"line":166,"column":8},"end":{"line":256,"column":2},"skip":true},"56":{"start":{"line":258,"column":8},"end":{"line":286,"column":9},"skip":true},"57":{"start":{"line":259,"column":12},"end":{"line":269,"column":14},"skip":true},"58":{"start":{"line":271,"column":12},"end":{"line":285,"column":19},"skip":true},"59":{"start":{"line":274,"column":20},"end":{"line":274,"column":35},"skip":true},"60":{"start":{"line":275,"column":20},"end":{"line":284,"column":21},"skip":true},"61":{"start":{"line":277,"column":24},"end":{"line":277,"column":64},"skip":true},"62":{"start":{"line":279,"column":24},"end":{"line":279,"column":40},"skip":true},"63":{"start":{"line":281,"column":24},"end":{"line":281,"column":40},"skip":true},"64":{"start":{"line":283,"column":24},"end":{"line":283,"column":39},"skip":true},"65":{"start":{"line":288,"column":8},"end":{"line":290,"column":9},"skip":true},"66":{"start":{"line":289,"column":12},"end":{"line":289,"column":18},"skip":true},"67":{"start":{"line":291,"column":8},"end":{"line":293,"column":54},"skip":true},"68":{"start":{"line":296,"column":8},"end":{"line":301,"column":37},"skip":true},"69":{"start":{"line":303,"column":8},"end":{"line":303,"column":82},"skip":true},"70":{"start":{"line":306,"column":8},"end":{"line":308,"column":9},"skip":true},"71":{"start":{"line":307,"column":12},"end":{"line":307,"column":82},"skip":true},"72":{"start":{"line":310,"column":8},"end":{"line":312,"column":9},"skip":true},"73":{"start":{"line":311,"column":12},"end":{"line":311,"column":18},"skip":true},"74":{"start":{"line":313,"column":8},"end":{"line":313,"column":54},"skip":true},"75":{"start":{"line":314,"column":8},"end":{"line":314,"column":69},"skip":true},"76":{"start":{"line":315,"column":8},"end":{"line":323,"column":36},"skip":true},"77":{"start":{"line":316,"column":12},"end":{"line":316,"column":61},"skip":true},"78":{"start":{"line":317,"column":12},"end":{"line":320,"column":13},"skip":true},"79":{"start":{"line":318,"column":16},"end":{"line":318,"column":75},"skip":true},"80":{"start":{"line":319,"column":16},"end":{"line":319,"column":23},"skip":true},"81":{"start":{"line":321,"column":12},"end":{"line":321,"column":38},"skip":true},"82":{"start":{"line":322,"column":12},"end":{"line":322,"column":27},"skip":true},"83":{"start":{"line":324,"column":8},"end":{"line":324,"column":14},"skip":true}},"branchMap":{"1":{"line":39,"type":"binary-expr","locations":[{"start":{"line":39,"column":23},"end":{"line":39,"column":62}},{"start":{"line":40,"column":20},"end":{"line":40,"column":70}},{"start":{"line":41,"column":20},"end":{"line":41,"column":71}},{"start":{"line":42,"column":20},"end":{"line":42,"column":29}}]},"2":{"line":44,"type":"binary-expr","locations":[{"start":{"line":44,"column":23},"end":{"line":44,"column":37}},{"start":{"line":45,"column":20},"end":{"line":45,"column":61}},{"start":{"line":46,"column":20},"end":{"line":46,"column":70}},{"start":{"line":47,"column":20},"end":{"line":47,"column":26}}]},"3":{"line":51,"type":"cond-expr","locations":[{"start":{"line":52,"column":14},"end":{"line":52,"column":20}},{"start":{"line":53,"column":14},"end":{"line":53,"column":20}}]},"4":{"line":55,"type":"binary-expr","locations":[{"start":{"line":55,"column":16},"end":{"line":55,"column":44}},{"start":{"line":55,"column":49},"end":{"line":57,"column":43}}]},"5":{"line":55,"type":"cond-expr","locations":[{"start":{"line":56,"column":14},"end":{"line":56,"column":64}},{"start":{"line":57,"column":14},"end":{"line":57,"column":43}}]},"6":{"line":61,"type":"switch","locations":[{"start":{"line":68,"column":4},"end":{"line":150,"column":14},"skip":true},{"start":{"line":156,"column":4},"end":{"line":324,"column":14},"skip":true}]},"7":{"line":70,"type":"if","locations":[{"start":{"line":70,"column":12},"end":{"line":70,"column":12},"skip":true},{"start":{"line":70,"column":12},"end":{"line":70,"column":12},"skip":true}]},"8":{"line":70,"type":"binary-expr","locations":[{"start":{"line":70,"column":16},"end":{"line":70,"column":22},"skip":true},{"start":{"line":70,"column":27},"end":{"line":70,"column":32},"skip":true},{"start":{"line":71,"column":20},"end":{"line":71,"column":39},"skip":true},{"start":{"line":72,"column":20},"end":{"line":72,"column":49},"skip":true},{"start":{"line":73,"column":20},"end":{"line":73,"column":58},"skip":true},{"start":{"line":74,"column":20},"end":{"line":74,"column":69},"skip":true}]},"9":{"line":79,"type":"switch","locations":[{"start":{"line":80,"column":20},"end":{"line":80,"column":33},"skip":true},{"start":{"line":81,"column":20},"end":{"line":83,"column":30},"skip":true},{"start":{"line":84,"column":20},"end":{"line":85,"column":49},"skip":true}]},"10":{"line":89,"type":"switch","locations":[{"start":{"line":90,"column":12},"end":{"line":103,"column":22},"skip":true},{"start":{"line":105,"column":12},"end":{"line":106,"column":22},"skip":true}]},"11":{"line":89,"type":"binary-expr","locations":[{"start":{"line":89,"column":20},"end":{"line":89,"column":25},"skip":true},{"start":{"line":89,"column":29},"end":{"line":89,"column":48},"skip":true},{"start":{"line":89,"column":52},"end":{"line":89,"column":74},"skip":true}]},"12":{"line":92,"type":"if","locations":[{"start":{"line":92,"column":16},"end":{"line":92,"column":16},"skip":true},{"start":{"line":92,"column":16},"end":{"line":92,"column":16},"skip":true}]},"13":{"line":108,"type":"if","locations":[{"start":{"line":108,"column":12},"end":{"line":108,"column":12},"skip":true},{"start":{"line":108,"column":12},"end":{"line":108,"column":12},"skip":true}]},"14":{"line":108,"type":"binary-expr","locations":[{"start":{"line":108,"column":16},"end":{"line":108,"column":61},"skip":true},{"start":{"line":108,"column":66},"end":{"line":108,"column":72},"skip":true},{"start":{"line":108,"column":77},"end":{"line":108,"column":82},"skip":true},{"start":{"line":109,"column":20},"end":{"line":109,"column":39},"skip":true},{"start":{"line":110,"column":20},"end":{"line":110,"column":49},"skip":true},{"start":{"line":111,"column":20},"end":{"line":111,"column":58},"skip":true},{"start":{"line":112,"column":20},"end":{"line":112,"column":68},"skip":true}]},"15":{"line":129,"type":"if","locations":[{"start":{"line":129,"column":16},"end":{"line":129,"column":16},"skip":true},{"start":{"line":129,"column":16},"end":{"line":129,"column":16},"skip":true}]},"16":{"line":134,"type":"cond-expr","locations":[{"start":{"line":135,"column":26},"end":{"line":135,"column":29},"skip":true},{"start":{"line":136,"column":26},"end":{"line":136,"column":54},"skip":true}]},"17":{"line":164,"type":"binary-expr","locations":[{"start":{"line":164,"column":27},"end":{"line":164,"column":43},"skip":true},{"start":{"line":164,"column":47},"end":{"line":164,"column":49},"skip":true}]},"18":{"line":258,"type":"if","locations":[{"start":{"line":258,"column":8},"end":{"line":258,"column":8},"skip":true},{"start":{"line":258,"column":8},"end":{"line":258,"column":8},"skip":true}]},"19":{"line":275,"type":"switch","locations":[{"start":{"line":276,"column":20},"end":{"line":277,"column":64},"skip":true},{"start":{"line":278,"column":20},"end":{"line":279,"column":40},"skip":true},{"start":{"line":280,"column":20},"end":{"line":281,"column":40},"skip":true},{"start":{"line":282,"column":20},"end":{"line":283,"column":39},"skip":true}]},"20":{"line":288,"type":"if","locations":[{"start":{"line":288,"column":8},"end":{"line":288,"column":8},"skip":true},{"start":{"line":288,"column":8},"end":{"line":288,"column":8},"skip":true}]},"21":{"line":288,"type":"binary-expr","locations":[{"start":{"line":288,"column":12},"end":{"line":288,"column":40},"skip":true},{"start":{"line":288,"column":44},"end":{"line":288,"column":67},"skip":true}]},"22":{"line":292,"type":"binary-expr","locations":[{"start":{"line":292,"column":12},"end":{"line":292,"column":50},"skip":true},{"start":{"line":293,"column":12},"end":{"line":293,"column":53},"skip":true}]},"23":{"line":297,"type":"binary-expr","locations":[{"start":{"line":297,"column":12},"end":{"line":297,"column":78},"skip":true},{"start":{"line":298,"column":12},"end":{"line":301,"column":36},"skip":true}]},"24":{"line":303,"type":"binary-expr","locations":[{"start":{"line":303,"column":43},"end":{"line":303,"column":75},"skip":true},{"start":{"line":303,"column":79},"end":{"line":303,"column":81},"skip":true}]},"25":{"line":306,"type":"if","locations":[{"start":{"line":306,"column":8},"end":{"line":306,"column":8},"skip":true},{"start":{"line":306,"column":8},"end":{"line":306,"column":8},"skip":true}]},"26":{"line":310,"type":"if","locations":[{"start":{"line":310,"column":8},"end":{"line":310,"column":8},"skip":true},{"start":{"line":310,"column":8},"end":{"line":310,"column":8},"skip":true}]},"27":{"line":313,"type":"binary-expr","locations":[{"start":{"line":313,"column":27},"end":{"line":313,"column":43},"skip":true},{"start":{"line":313,"column":47},"end":{"line":313,"column":53},"skip":true}]},"28":{"line":317,"type":"if","locations":[{"start":{"line":317,"column":12},"end":{"line":317,"column":12},"skip":true},{"start":{"line":317,"column":12},"end":{"line":317,"column":12},"skip":true}]}},"code":["/*","example.js","","quickstart example","","instruction","    1. save this script as example.js","    2. run the shell command:","        $ npm install npmtest-web-component-tester && PORT=8081 node example.js","    3. play with the browser-demo on http://127.0.0.1:8081","*/","","","","/* istanbul instrument in package npmtest_web_component_tester */","/*jslint","    bitwise: true,","    browser: true,","    maxerr: 8,","    maxlen: 96,","    node: true,","    nomen: true,","    regexp: true,","    stupid: true","*/","(function () {","    'use strict';","    var local;","","","","    // run shared js-env code - pre-init","    (function () {","        // init local","        local = {};","        // init modeJs","        local.modeJs = (function () {","            try {","                return typeof navigator.userAgent === 'string' &&","                    typeof document.querySelector('body') === 'object' &&","                    typeof XMLHttpRequest.prototype.open === 'function' &&","                    'browser';","            } catch (errorCaughtBrowser) {","                return module.exports &&","                    typeof process.versions.node === 'string' &&","                    typeof require('http').createServer === 'function' &&","                    'node';","            }","        }());","        // init global","        local.global = local.modeJs === 'browser'","            ? window","            : global;","        // init utility2_rollup","        local = local.global.utility2_rollup || (local.modeJs === 'browser'","            ? local.global.utility2_npmtest_web_component_tester","            : global.utility2_moduleExports);","        // export local","        local.global.local = local;","    }());","    switch (local.modeJs) {","","","","    // post-init","    // run browser js-env code - post-init","    /* istanbul ignore next */","    case 'browser':","        local.testRunBrowser = function (event) {","            if (!event || (event &&","                    event.currentTarget &&","                    event.currentTarget.className &&","                    event.currentTarget.className.includes &&","                    event.currentTarget.className.includes('onreset'))) {","                // reset output","                Array.from(","                    document.querySelectorAll('body > .resettable')","                ).forEach(function (element) {","                    switch (element.tagName) {","                    case 'INPUT':","                    case 'TEXTAREA':","                        element.value = '';","                        break;","                    default:","                        element.textContent = '';","                    }","                });","            }","            switch (event && event.currentTarget && event.currentTarget.id) {","            case 'testRunButton1':","                // show tests","                if (document.querySelector('#testReportDiv1').style.display === 'none') {","                    document.querySelector('#testReportDiv1').style.display = 'block';","                    document.querySelector('#testRunButton1').textContent =","                        'hide internal test';","                    local.modeTest = true;","                    local.testRunDefault(local);","                // hide tests","                } else {","                    document.querySelector('#testReportDiv1').style.display = 'none';","                    document.querySelector('#testRunButton1').textContent = 'run internal test';","                }","                break;","            // custom-case","            default:","                break;","            }","            if (document.querySelector('#inputTextareaEval1') && (!event || (event &&","                    event.currentTarget &&","                    event.currentTarget.className &&","                    event.currentTarget.className.includes &&","                    event.currentTarget.className.includes('oneval')))) {","                // try to eval input-code","                try {","                    /*jslint evil: true*/","                    eval(document.querySelector('#inputTextareaEval1').value);","                } catch (errorCaught) {","                    console.error(errorCaught);","                }","            }","        };","        // log stderr and stdout to #outputTextareaStdout1","        ['error', 'log'].forEach(function (key) {","            console[key + '_original'] = console[key];","            console[key] = function () {","                var element;","                console[key + '_original'].apply(console, arguments);","                element = document.querySelector('#outputTextareaStdout1');","                if (!element) {","                    return;","                }","                // append text to #outputTextareaStdout1","                element.value += Array.from(arguments).map(function (arg) {","                    return typeof arg === 'string'","                        ? arg","                        : JSON.stringify(arg, null, 4);","                }).join(' ') + '\\n';","                // scroll textarea to bottom","                element.scrollTop = element.scrollHeight;","            };","        });","        // init event-handling","        ['change', 'click', 'keyup'].forEach(function (event) {","            Array.from(document.querySelectorAll('.on' + event)).forEach(function (element) {","                element.addEventListener(event, local.testRunBrowser);","            });","        });","        // run tests","        local.testRunBrowser();","        break;","","","","    // run node js-env code - post-init","    /* istanbul ignore next */","    case 'node':","        // export local","        module.exports = local;","        // require modules","        local.fs = require('fs');","        local.http = require('http');","        local.url = require('url');","        // init assets","        local.assetsDict = local.assetsDict || {};","        /* jslint-ignore-begin */","        local.assetsDict['/assets.index.template.html'] = '\\","<!doctype html>\\n\\","<html lang=\"en\">\\n\\","<head>\\n\\","<meta charset=\"UTF-8\">\\n\\","<meta name=\"viewport\" content=\"width=device-width, initial-scale=1\">\\n\\","<title>{{env.npm_package_name}} (v{{env.npm_package_version}})</title>\\n\\","<style>\\n\\","/*csslint\\n\\","    box-sizing: false,\\n\\","    universal-selector: false\\n\\","*/\\n\\","* {\\n\\","    box-sizing: border-box;\\n\\","}\\n\\","body {\\n\\","    background: #dde;\\n\\","    font-family: Arial, Helvetica, sans-serif;\\n\\","    margin: 2rem;\\n\\","}\\n\\","body > * {\\n\\","    margin-bottom: 1rem;\\n\\","}\\n\\",".utility2FooterDiv {\\n\\","    margin-top: 20px;\\n\\","    text-align: center;\\n\\","}\\n\\","</style>\\n\\","<style>\\n\\","/*csslint\\n\\","*/\\n\\","textarea {\\n\\","    font-family: monospace;\\n\\","    height: 10rem;\\n\\","    width: 100%;\\n\\","}\\n\\","textarea[readonly] {\\n\\","    background: #ddd;\\n\\","}\\n\\","</style>\\n\\","</head>\\n\\","<body>\\n\\","<!-- utility2-comment\\n\\","<div id=\"ajaxProgressDiv1\" style=\"background: #d00; height: 2px; left: 0; margin: 0; padding: 0; position: fixed; top: 0; transition: background 0.5s, width 1.5s; width: 25%;\"></div>\\n\\","utility2-comment -->\\n\\","<h1>\\n\\","<!-- utility2-comment\\n\\","    <a\\n\\","        {{#if env.npm_package_homepage}}\\n\\","        href=\"{{env.npm_package_homepage}}\"\\n\\","        {{/if env.npm_package_homepage}}\\n\\","        target=\"_blank\"\\n\\","    >\\n\\","utility2-comment -->\\n\\","        {{env.npm_package_name}} (v{{env.npm_package_version}})\\n\\","<!-- utility2-comment\\n\\","    </a>\\n\\","utility2-comment -->\\n\\","</h1>\\n\\","<h3>{{env.npm_package_description}}</h3>\\n\\","<!-- utility2-comment\\n\\","<h4><a download href=\"assets.app.js\">download standalone app</a></h4>\\n\\","<button class=\"onclick onreset\" id=\"testRunButton1\">run internal test</button><br>\\n\\","<div id=\"testReportDiv1\" style=\"display: none;\"></div>\\n\\","utility2-comment -->\\n\\","\\n\\","\\n\\","\\n\\","<label>stderr and stdout</label>\\n\\","<textarea class=\"resettable\" id=\"outputTextareaStdout1\" readonly></textarea>\\n\\","<!-- utility2-comment\\n\\","{{#if isRollup}}\\n\\","<script src=\"assets.app.js\"></script>\\n\\","{{#unless isRollup}}\\n\\","utility2-comment -->\\n\\","<script src=\"assets.utility2.rollup.js\"></script>\\n\\","<script src=\"jsonp.utility2._stateInit?callback=window.utility2._stateInit\"></script>\\n\\","<script src=\"assets.npmtest_web_component_tester.rollup.js\"></script>\\n\\","<script src=\"assets.example.js\"></script>\\n\\","<script src=\"assets.test.js\"></script>\\n\\","<!-- utility2-comment\\n\\","{{/if isRollup}}\\n\\","utility2-comment -->\\n\\","<div class=\"utility2FooterDiv\">\\n\\","    [ this app was created with\\n\\","    <a href=\"https://github.com/kaizhu256/node-utility2\" target=\"_blank\">utility2</a>\\n\\","    ]\\n\\","</div>\\n\\","</body>\\n\\","</html>\\n\\","';","        /* jslint-ignore-end */","        if (local.templateRender) {","            local.assetsDict['/'] = local.templateRender(","                local.assetsDict['/assets.index.template.html'],","                {","                    env: local.objectSetDefault(local.env, {","                        npm_package_description: 'the greatest app in the world!',","                        npm_package_name: 'my-app',","                        npm_package_nameAlias: 'my_app',","                        npm_package_version: '0.0.1'","                    })","                }","            );","        } else {","            local.assetsDict['/'] = local.assetsDict['/assets.index.template.html']","                .replace((/\\{\\{env\\.(\\w+?)\\}\\}/g), function (match0, match1) {","                    // jslint-hack","                    String(match0);","                    switch (match1) {","                    case 'npm_package_description':","                        return 'the greatest app in the world!';","                    case 'npm_package_name':","                        return 'my-app';","                    case 'npm_package_nameAlias':","                        return 'my_app';","                    case 'npm_package_version':","                        return '0.0.1';","                    }","                });","        }","        // run the cli","        if (local.global.utility2_rollup || module !== require.main) {","            break;","        }","        local.assetsDict['/assets.example.js'] =","            local.assetsDict['/assets.example.js'] ||","            local.fs.readFileSync(__filename, 'utf8');","        // bug-workaround - long $npm_package_buildCustomOrg","        /* jslint-ignore-begin */","        local.assetsDict['/assets.npmtest_web_component_tester.rollup.js'] =","            local.assetsDict['/assets.npmtest_web_component_tester.rollup.js'] ||","            local.fs.readFileSync(","                local.npmtest_web_component_tester.__dirname + '/lib.npmtest_web_component_tester.js',","                'utf8'","            ).replace((/^#!/), '//');","        /* jslint-ignore-end */","        local.assetsDict['/favicon.ico'] = local.assetsDict['/favicon.ico'] || '';","        // if $npm_config_timeout_exit exists,","        // then exit this process after $npm_config_timeout_exit ms","        if (Number(process.env.npm_config_timeout_exit)) {","            setTimeout(process.exit, Number(process.env.npm_config_timeout_exit));","        }","        // start server","        if (local.global.utility2_serverHttp1) {","            break;","        }","        process.env.PORT = process.env.PORT || '8081';","        console.error('server starting on port ' + process.env.PORT);","        local.http.createServer(function (request, response) {","            request.urlParsed = local.url.parse(request.url);","            if (local.assetsDict[request.urlParsed.pathname] !== undefined) {","                response.end(local.assetsDict[request.urlParsed.pathname]);","                return;","            }","            response.statusCode = 404;","            response.end();","        }).listen(process.env.PORT);","        break;","    }","}());",""],"l":{"26":2,"28":2,"33":2,"35":2,"37":2,"38":2,"39":2,"44":1,"51":2,"55":2,"59":2,"61":2,"69":1,"70":2,"76":2,"79":2,"82":2,"83":2,"85":1,"89":2,"92":1,"93":1,"94":1,"96":1,"97":1,"100":1,"101":1,"103":1,"106":1,"108":2,"114":1,"116":1,"118":1,"123":1,"124":2,"125":2,"126":3,"127":3,"128":3,"129":3,"130":1,"133":3,"134":3,"139":3,"143":1,"144":3,"145":1,"149":1,"150":1,"158":1,"160":1,"161":1,"162":1,"164":1,"166":1,"258":1,"259":1,"271":1,"274":6,"275":6,"277":1,"279":2,"281":1,"283":2,"288":1,"289":1,"291":1,"296":1,"303":1,"306":1,"307":1,"310":1,"311":1,"313":1,"314":1,"315":1,"316":1,"317":1,"318":1,"319":1,"321":1,"322":1,"324":1}},"/home/travis/build/npmtest/node-npmtest-web-component-tester/node_modules/web-component-tester/runner.js":{"path":"/home/travis/build/npmtest/node-npmtest-web-component-tester/node_modules/web-component-tester/runner.js","s":{"1":1},"b":{},"f":{},"fnMap":{},"statementMap":{"1":{"start":{"line":10,"column":0},"end":{"line":16,"column":2}}},"branchMap":{},"code":["/**"," * @license"," * Copyright (c) 2014 The Polymer Project Authors. All rights reserved."," * This code may only be used under the BSD style license found at http://polymer.github.io/LICENSE.txt"," * The complete set of authors may be found at http://polymer.github.io/AUTHORS.txt"," * The complete set of contributors may be found at http://polymer.github.io/CONTRIBUTORS.txt"," * Code distributed by Google as part of the polymer project is also"," * subject to an additional IP rights grant found at http://polymer.github.io/PATENTS.txt"," */","module.exports = {","  cli:    require('./runner/cli'),","  config: require('./runner/config'),","  gulp:   require('./runner/gulp'),","  steps:  require('./runner/steps'),","  test:   require('./runner/test'),","};",""],"l":{"10":1}},"/home/travis/build/npmtest/node-npmtest-web-component-tester/node_modules/web-component-tester/runner/cli.js":{"path":"/home/travis/build/npmtest/node-npmtest-web-component-tester/node_modules/web-component-tester/runner/cli.js","s":{"1":1,"2":0,"3":1,"4":0,"5":0,"6":0,"7":1,"8":0,"9":0,"10":0,"11":1,"12":0,"13":0,"14":0,"15":1,"16":1,"17":1,"18":1,"19":1,"20":1,"21":1,"22":1,"23":1,"24":1,"25":1,"26":1,"27":1,"28":1,"29":1,"30":1,"31":0,"32":0,"33":1,"34":1,"35":0,"36":0,"37":0,"38":0,"39":0,"40":0,"41":0,"42":0,"43":1,"44":0,"45":0,"46":1,"47":1,"48":0,"49":0,"50":0,"51":0,"52":0,"53":0,"54":0,"55":0,"56":0,"57":0,"58":0,"59":0,"60":0,"61":0,"62":0,"63":0,"64":0,"65":0,"66":0,"67":0,"68":1,"69":0,"70":0,"71":0,"72":0,"73":0,"74":0,"75":0,"76":0,"77":0,"78":0,"79":0,"80":0},"b":{"1":[1,1,1],"2":[0,0],"3":[0,0],"4":[0,0],"5":[0,0,0],"6":[0,0],"7":[0,0,0,0],"8":[0,0],"9":[0,0],"10":[0,0]},"f":{"1":0,"2":0,"3":0,"4":0,"5":0,"6":0,"7":1,"8":0,"9":0,"10":0,"11":0,"12":0,"13":0,"14":0,"15":0,"16":0,"17":0},"fnMap":{"1":{"name":"(anonymous_1)","line":15,"loc":{"start":{"line":15,"column":44},"end":{"line":15,"column":89}}},"2":{"name":"(anonymous_2)","line":16,"loc":{"start":{"line":16,"column":36},"end":{"line":16,"column":63}}},"3":{"name":"fulfilled","line":17,"loc":{"start":{"line":17,"column":8},"end":{"line":17,"column":34}}},"4":{"name":"rejected","line":18,"loc":{"start":{"line":18,"column":8},"end":{"line":18,"column":33}}},"5":{"name":"step","line":19,"loc":{"start":{"line":19,"column":8},"end":{"line":19,"column":30}}},"6":{"name":"(anonymous_6)","line":19,"loc":{"start":{"line":19,"column":76},"end":{"line":19,"column":95}}},"7":{"name":"(anonymous_7)","line":37,"loc":{"start":{"line":37,"column":1},"end":{"line":37,"column":13}}},"8":{"name":"run","line":45,"loc":{"start":{"line":45,"column":0},"end":{"line":45,"column":32}}},"9":{"name":"(anonymous_9)","line":46,"loc":{"start":{"line":46,"column":43},"end":{"line":46,"column":56}}},"10":{"name":"_run","line":51,"loc":{"start":{"line":51,"column":0},"end":{"line":51,"column":28}}},"11":{"name":"(anonymous_11)","line":52,"loc":{"start":{"line":52,"column":43},"end":{"line":52,"column":56}}},"12":{"name":"runSauceTunnel","line":73,"loc":{"start":{"line":73,"column":0},"end":{"line":73,"column":43}}},"13":{"name":"(anonymous_13)","line":74,"loc":{"start":{"line":74,"column":43},"end":{"line":74,"column":56}}},"14":{"name":"_runSauceTunnel","line":79,"loc":{"start":{"line":79,"column":0},"end":{"line":79,"column":39}}},"15":{"name":"(anonymous_15)","line":80,"loc":{"start":{"line":80,"column":43},"end":{"line":80,"column":56}}},"16":{"name":"wrapResult","line":103,"loc":{"start":{"line":103,"column":0},"end":{"line":103,"column":37}}},"17":{"name":"(anonymous_17)","line":104,"loc":{"start":{"line":104,"column":43},"end":{"line":104,"column":56}}}},"statementMap":{"1":{"start":{"line":15,"column":0},"end":{"line":22,"column":2}},"2":{"start":{"line":16,"column":4},"end":{"line":21,"column":7}},"3":{"start":{"line":17,"column":8},"end":{"line":17,"column":99}},"4":{"start":{"line":17,"column":36},"end":{"line":17,"column":97}},"5":{"start":{"line":17,"column":42},"end":{"line":17,"column":70}},"6":{"start":{"line":17,"column":85},"end":{"line":17,"column":95}},"7":{"start":{"line":18,"column":8},"end":{"line":18,"column":102}},"8":{"start":{"line":18,"column":35},"end":{"line":18,"column":100}},"9":{"start":{"line":18,"column":41},"end":{"line":18,"column":73}},"10":{"start":{"line":18,"column":88},"end":{"line":18,"column":98}},"11":{"start":{"line":19,"column":8},"end":{"line":19,"column":151}},"12":{"start":{"line":19,"column":32},"end":{"line":19,"column":149}},"13":{"start":{"line":19,"column":97},"end":{"line":19,"column":119}},"14":{"start":{"line":20,"column":8},"end":{"line":20,"column":78}},"15":{"start":{"line":23,"column":0},"end":{"line":23,"column":62}},"16":{"start":{"line":24,"column":0},"end":{"line":24,"column":31}},"17":{"start":{"line":25,"column":0},"end":{"line":25,"column":33}},"18":{"start":{"line":26,"column":0},"end":{"line":26,"column":28}},"19":{"start":{"line":27,"column":0},"end":{"line":27,"column":47}},"20":{"start":{"line":28,"column":0},"end":{"line":28,"column":35}},"21":{"start":{"line":29,"column":0},"end":{"line":29,"column":39}},"22":{"start":{"line":30,"column":0},"end":{"line":30,"column":37}},"23":{"start":{"line":31,"column":0},"end":{"line":31,"column":33}},"24":{"start":{"line":32,"column":0},"end":{"line":32,"column":48}},"25":{"start":{"line":33,"column":0},"end":{"line":35,"column":2}},"26":{"start":{"line":36,"column":0},"end":{"line":36,"column":34}},"27":{"start":{"line":37,"column":0},"end":{"line":44,"column":5}},"28":{"start":{"line":38,"column":4},"end":{"line":43,"column":5}},"29":{"start":{"line":39,"column":8},"end":{"line":39,"column":75}},"30":{"start":{"line":45,"column":0},"end":{"line":49,"column":1}},"31":{"start":{"line":46,"column":4},"end":{"line":48,"column":7}},"32":{"start":{"line":47,"column":8},"end":{"line":47,"column":53}},"33":{"start":{"line":50,"column":0},"end":{"line":50,"column":18}},"34":{"start":{"line":51,"column":0},"end":{"line":69,"column":1}},"35":{"start":{"line":52,"column":4},"end":{"line":68,"column":7}},"36":{"start":{"line":55,"column":8},"end":{"line":55,"column":48}},"37":{"start":{"line":57,"column":8},"end":{"line":60,"column":11}},"38":{"start":{"line":61,"column":8},"end":{"line":61,"column":55}},"39":{"start":{"line":62,"column":8},"end":{"line":64,"column":9}},"40":{"start":{"line":63,"column":12},"end":{"line":63,"column":42}},"41":{"start":{"line":66,"column":8},"end":{"line":66,"column":46}},"42":{"start":{"line":67,"column":8},"end":{"line":67,"column":35}},"43":{"start":{"line":73,"column":0},"end":{"line":77,"column":1}},"44":{"start":{"line":74,"column":4},"end":{"line":76,"column":7}},"45":{"start":{"line":75,"column":8},"end":{"line":75,"column":64}},"46":{"start":{"line":78,"column":0},"end":{"line":78,"column":40}},"47":{"start":{"line":79,"column":0},"end":{"line":102,"column":1}},"48":{"start":{"line":80,"column":4},"end":{"line":101,"column":7}},"49":{"start":{"line":81,"column":8},"end":{"line":81,"column":46}},"50":{"start":{"line":82,"column":8},"end":{"line":83,"column":36}},"51":{"start":{"line":84,"column":8},"end":{"line":84,"column":58}},"52":{"start":{"line":85,"column":8},"end":{"line":85,"column":41}},"53":{"start":{"line":86,"column":8},"end":{"line":86,"column":32}},"54":{"start":{"line":87,"column":8},"end":{"line":87,"column":73}},"55":{"start":{"line":88,"column":8},"end":{"line":88,"column":65}},"56":{"start":{"line":89,"column":8},"end":{"line":89,"column":46}},"57":{"start":{"line":90,"column":8},"end":{"line":90,"column":40}},"58":{"start":{"line":91,"column":8},"end":{"line":91,"column":50}},"59":{"start":{"line":92,"column":8},"end":{"line":92,"column":59}},"60":{"start":{"line":93,"column":8},"end":{"line":95,"column":11}},"61":{"start":{"line":94,"column":12},"end":{"line":94,"column":115}},"62":{"start":{"line":94,"column":72},"end":{"line":94,"column":113}},"63":{"start":{"line":96,"column":8},"end":{"line":96,"column":27}},"64":{"start":{"line":97,"column":8},"end":{"line":97,"column":87}},"65":{"start":{"line":98,"column":8},"end":{"line":98,"column":87}},"66":{"start":{"line":99,"column":8},"end":{"line":99,"column":27}},"67":{"start":{"line":100,"column":8},"end":{"line":100,"column":78}},"68":{"start":{"line":103,"column":0},"end":{"line":122,"column":1}},"69":{"start":{"line":104,"column":4},"end":{"line":121,"column":7}},"70":{"start":{"line":105,"column":8},"end":{"line":105,"column":18}},"71":{"start":{"line":106,"column":8},"end":{"line":111,"column":9}},"72":{"start":{"line":107,"column":12},"end":{"line":107,"column":26}},"73":{"start":{"line":110,"column":12},"end":{"line":110,"column":22}},"74":{"start":{"line":112,"column":8},"end":{"line":114,"column":9}},"75":{"start":{"line":113,"column":12},"end":{"line":113,"column":36}},"76":{"start":{"line":115,"column":8},"end":{"line":120,"column":9}},"77":{"start":{"line":116,"column":12},"end":{"line":116,"column":31}},"78":{"start":{"line":117,"column":12},"end":{"line":117,"column":50}},"79":{"start":{"line":118,"column":12},"end":{"line":118,"column":31}},"80":{"start":{"line":119,"column":12},"end":{"line":119,"column":24}}},"branchMap":{"1":{"line":15,"type":"binary-expr","locations":[{"start":{"line":15,"column":17},"end":{"line":15,"column":21}},{"start":{"line":15,"column":25},"end":{"line":15,"column":39}},{"start":{"line":15,"column":44},"end":{"line":22,"column":1}}]},"2":{"line":16,"type":"binary-expr","locations":[{"start":{"line":16,"column":16},"end":{"line":16,"column":17}},{"start":{"line":16,"column":22},"end":{"line":16,"column":33}}]},"3":{"line":19,"type":"cond-expr","locations":[{"start":{"line":19,"column":46},"end":{"line":19,"column":67}},{"start":{"line":19,"column":70},"end":{"line":19,"column":148}}]},"4":{"line":20,"type":"binary-expr","locations":[{"start":{"line":20,"column":51},"end":{"line":20,"column":61}},{"start":{"line":20,"column":65},"end":{"line":20,"column":67}}]},"5":{"line":59,"type":"binary-expr","locations":[{"start":{"line":59,"column":23},"end":{"line":59,"column":38}},{"start":{"line":59,"column":42},"end":{"line":59,"column":57}},{"start":{"line":59,"column":61},"end":{"line":59,"column":82}}]},"6":{"line":62,"type":"if","locations":[{"start":{"line":62,"column":8},"end":{"line":62,"column":8}},{"start":{"line":62,"column":8},"end":{"line":62,"column":8}}]},"7":{"line":82,"type":"binary-expr","locations":[{"start":{"line":82,"column":29},"end":{"line":82,"column":48}},{"start":{"line":82,"column":52},"end":{"line":82,"column":80}},{"start":{"line":83,"column":12},"end":{"line":83,"column":29}},{"start":{"line":83,"column":33},"end":{"line":83,"column":35}}]},"8":{"line":94,"type":"cond-expr","locations":[{"start":{"line":94,"column":80},"end":{"line":94,"column":93}},{"start":{"line":94,"column":96},"end":{"line":94,"column":113}}]},"9":{"line":112,"type":"if","locations":[{"start":{"line":112,"column":8},"end":{"line":112,"column":8}},{"start":{"line":112,"column":8},"end":{"line":112,"column":8}}]},"10":{"line":115,"type":"if","locations":[{"start":{"line":115,"column":8},"end":{"line":115,"column":8}},{"start":{"line":115,"column":8},"end":{"line":115,"column":8}}]}},"code":["/**"," * @license"," * Copyright (c) 2014 The Polymer Project Authors. All rights reserved."," * This code may only be used under the BSD style license found at"," * http://polymer.github.io/LICENSE.txt"," * The complete set of authors may be found at"," * http://polymer.github.io/AUTHORS.txt"," * The complete set of contributors may be found at"," * http://polymer.github.io/CONTRIBUTORS.txt"," * Code distributed by Google as part of the polymer project is also"," * subject to an additional IP rights grant found at"," * http://polymer.github.io/PATENTS.txt"," */","\"use strict\";","var __awaiter = (this && this.__awaiter) || function (thisArg, _arguments, P, generator) {","    return new (P || (P = Promise))(function (resolve, reject) {","        function fulfilled(value) { try { step(generator.next(value)); } catch (e) { reject(e); } }","        function rejected(value) { try { step(generator[\"throw\"](value)); } catch (e) { reject(e); } }","        function step(result) { result.done ? resolve(result.value) : new P(function (resolve) { resolve(result.value); }).then(fulfilled, rejected); }","        step((generator = generator.apply(thisArg, _arguments || [])).next());","    });","};","Object.defineProperty(exports, \"__esModule\", { value: true });","const chalk = require(\"chalk\");","const events = require(\"events\");","const _ = require(\"lodash\");","const clireporter_1 = require(\"./clireporter\");","const config = require(\"./config\");","const context_1 = require(\"./context\");","const plugin_1 = require(\"./plugin\");","const test_1 = require(\"./test\");","const PACKAGE_INFO = require('../package.json');","const noopNotifier = {","    notify: () => { }","};","let updateNotifier = noopNotifier;","(function () {","    try {","        updateNotifier = require('update-notifier')({ pkg: PACKAGE_INFO });","    }","    catch (error) {","        // S'ok if we don't have update-notifier. It's optional.","    }","})();","function run(env, args, output) {","    return __awaiter(this, void 0, void 0, function* () {","        yield wrapResult(output, _run(args, output));","    });","}","exports.run = run;","function _run(args, output) {","    return __awaiter(this, void 0, void 0, function* () {","        // Options parsing is a two phase affair. First, we need an initial set of","        // configuration so that we know which plugins to load, etc:","        let options = config.preparseArgs(args);","        // Depends on values from the initial merge:","        options = config.merge(options, {","            output: output,","            ttyOutput: !process.env.CI && output['isTTY'] && !options.simpleOutput,","        });","        const context = new context_1.Context(options);","        if (options.skipUpdateCheck) {","            updateNotifier = noopNotifier;","        }","        // `parseArgs` merges any new configuration into `context.options`.","        yield config.parseArgs(context, args);","        yield test_1.test(context);","    });","}","// Note that we're cheating horribly here. Ideally all of this logic is within","// wct-sauce. The trouble is that we also want WCT's configuration lookup logic,","// and that's not (yet) cleanly exposed.","function runSauceTunnel(env, args, output) {","    return __awaiter(this, void 0, void 0, function* () {","        yield wrapResult(output, _runSauceTunnel(args, output));","    });","}","exports.runSauceTunnel = runSauceTunnel;","function _runSauceTunnel(args, output) {","    return __awaiter(this, void 0, void 0, function* () {","        const diskOptions = config.fromDisk();","        const baseOptions = (diskOptions.plugins && diskOptions.plugins['sauce']) ||","            diskOptions.sauce || {};","        const plugin = yield plugin_1.Plugin.get('sauce');","        const parser = require('nomnom');","        parser.script('wct-st');","        parser.options(_.omit(plugin.cliConfig, 'browsers', 'tunnelId'));","        const options = _.merge(baseOptions, parser.parse(args));","        const wctSauce = require('wct-sauce');","        wctSauce.expandOptions(options);","        const emitter = new events.EventEmitter();","        new clireporter_1.CliReporter(emitter, output, {});","        const tunnelId = yield new Promise((resolve, reject) => {","            wctSauce.startTunnel(options, emitter, (error, tunnelId) => error ? reject(error) : resolve(tunnelId));","        });","        output.write('\\n');","        output.write('The tunnel will remain active while this process is running.\\n');","        output.write('To use this tunnel for other WCT runs, export the following:\\n');","        output.write('\\n');","        output.write(chalk.cyan('export SAUCE_TUNNEL_ID=' + tunnelId) + '\\n');","    });","}","function wrapResult(output, promise) {","    return __awaiter(this, void 0, void 0, function* () {","        let error;","        try {","            yield promise;","        }","        catch (e) {","            error = e;","        }","        if (!process.env.CI) {","            updateNotifier.notify();","        }","        if (error) {","            output.write('\\n');","            output.write(chalk.red(error) + '\\n');","            output.write('\\n');","            throw error;","        }","    });","}",""],"l":{"15":1,"16":0,"17":1,"18":1,"19":1,"20":0,"23":1,"24":1,"25":1,"26":1,"27":1,"28":1,"29":1,"30":1,"31":1,"32":1,"33":1,"36":1,"37":1,"38":1,"39":1,"45":1,"46":0,"47":0,"50":1,"51":1,"52":0,"55":0,"57":0,"61":0,"62":0,"63":0,"66":0,"67":0,"73":1,"74":0,"75":0,"78":1,"79":1,"80":0,"81":0,"82":0,"84":0,"85":0,"86":0,"87":0,"88":0,"89":0,"90":0,"91":0,"92":0,"93":0,"94":0,"96":0,"97":0,"98":0,"99":0,"100":0,"103":1,"104":0,"105":0,"106":0,"107":0,"110":0,"112":0,"113":0,"115":0,"116":0,"117":0,"118":0,"119":0}},"/home/travis/build/npmtest/node-npmtest-web-component-tester/node_modules/web-component-tester/runner/clireporter.js":{"path":"/home/travis/build/npmtest/node-npmtest-web-component-tester/node_modules/web-component-tester/runner/clireporter.js","s":{"1":1,"2":1,"3":1,"4":1,"5":1,"6":1,"7":1,"8":1,"9":1,"10":1,"11":1,"12":1,"13":0,"14":0,"15":0,"16":0,"17":0,"18":0,"19":0,"20":0,"21":0,"22":0,"23":0,"24":0,"25":0,"26":0,"27":0,"28":0,"29":0,"30":0,"31":0,"32":0,"33":0,"34":0,"35":0,"36":0,"37":0,"38":0,"39":0,"40":0,"41":0,"42":0,"43":0,"44":0,"45":0,"46":0,"47":0,"48":0,"49":0,"50":0,"51":0,"52":0,"53":0,"54":0,"55":0,"56":0,"57":0,"58":0,"59":0,"60":0,"61":0,"62":0,"63":0,"64":0,"65":0,"66":0,"67":0,"68":0,"69":0,"70":0,"71":0,"72":0,"73":0,"74":0,"75":0,"76":0,"77":0,"78":0,"79":0,"80":0,"81":0,"82":0,"83":0,"84":0,"85":0,"86":0,"87":0,"88":0,"89":0,"90":0,"91":0,"92":0,"93":0,"94":0,"95":0,"96":0,"97":0,"98":0,"99":0,"100":0,"101":0,"102":0,"103":0,"104":0,"105":0,"106":0,"107":0,"108":0,"109":0,"110":0,"111":0,"112":0,"113":0,"114":0,"115":0,"116":0,"117":0,"118":0,"119":0,"120":0,"121":0,"122":0,"123":0,"124":0,"125":0,"126":0,"127":0,"128":0,"129":0,"130":0,"131":0,"132":0,"133":0,"134":0,"135":0,"136":0,"137":0,"138":1,"139":1,"140":1,"141":0,"142":0,"143":0,"144":0,"145":0,"146":1},"b":{"1":[0,0],"2":[0,0],"3":[0,0],"4":[0,0],"5":[0,0],"6":[0,0],"7":[0,0],"8":[0,0],"9":[0,0],"10":[0,0],"11":[0,0],"12":[0,0,0],"13":[0,0],"14":[0,0],"15":[0,0],"16":[0,0],"17":[0,0],"18":[0,0],"19":[0,0],"20":[0,0],"21":[0,0],"22":[0,0],"23":[0,0],"24":[0,0],"25":[0,0],"26":[0,0],"27":[0,0],"28":[0,0],"29":[0,0],"30":[0,0],"31":[0,0],"32":[0,0],"33":[0,0],"34":[0,0],"35":[0,0],"36":[0,0],"37":[0,0],"38":[0,0],"39":[0,0],"40":[0,0],"41":[0,0],"42":[0,0],"43":[0,0]},"f":{"1":0,"2":0,"3":0,"4":0,"5":0,"6":0,"7":0,"8":0,"9":0,"10":0,"11":0,"12":0},"fnMap":{"1":{"name":"(anonymous_1)","line":50,"loc":{"start":{"line":50,"column":15},"end":{"line":50,"column":42}}},"2":{"name":"(anonymous_2)","line":110,"loc":{"start":{"line":110,"column":16},"end":{"line":110,"column":24}}},"3":{"name":"(anonymous_3)","line":145,"loc":{"start":{"line":145,"column":18},"end":{"line":145,"column":34}}},"4":{"name":"(anonymous_4)","line":167,"loc":{"start":{"line":167,"column":13},"end":{"line":167,"column":21}}},"5":{"name":"(anonymous_5)","line":172,"loc":{"start":{"line":172,"column":14},"end":{"line":172,"column":21}}},"6":{"name":"(anonymous_6)","line":177,"loc":{"start":{"line":177,"column":17},"end":{"line":177,"column":27}}},"7":{"name":"(anonymous_7)","line":190,"loc":{"start":{"line":190,"column":7},"end":{"line":190,"column":10}}},"8":{"name":"(anonymous_8)","line":210,"loc":{"start":{"line":210,"column":16},"end":{"line":210,"column":36}}},"9":{"name":"(anonymous_9)","line":236,"loc":{"start":{"line":236,"column":9},"end":{"line":236,"column":16}}},"10":{"name":"(anonymous_10)","line":241,"loc":{"start":{"line":241,"column":14},"end":{"line":241,"column":22}}},"11":{"name":"(anonymous_11)","line":254,"loc":{"start":{"line":254,"column":9},"end":{"line":254,"column":12}}},"12":{"name":"padRight","line":269,"loc":{"start":{"line":269,"column":0},"end":{"line":269,"column":31}}}},"statementMap":{"1":{"start":{"line":15,"column":0},"end":{"line":15,"column":62}},"2":{"start":{"line":16,"column":0},"end":{"line":16,"column":31}},"3":{"start":{"line":17,"column":0},"end":{"line":17,"column":39}},"4":{"start":{"line":18,"column":0},"end":{"line":18,"column":28}},"5":{"start":{"line":19,"column":0},"end":{"line":19,"column":33}},"6":{"start":{"line":20,"column":0},"end":{"line":20,"column":29}},"7":{"start":{"line":21,"column":0},"end":{"line":30,"column":2}},"8":{"start":{"line":31,"column":0},"end":{"line":36,"column":2}},"9":{"start":{"line":37,"column":0},"end":{"line":43,"column":2}},"10":{"start":{"line":44,"column":0},"end":{"line":46,"column":2}},"11":{"start":{"line":47,"column":0},"end":{"line":47,"column":23}},"12":{"start":{"line":48,"column":0},"end":{"line":48,"column":22}},"13":{"start":{"line":51,"column":8},"end":{"line":51,"column":33}},"14":{"start":{"line":52,"column":8},"end":{"line":52,"column":31}},"15":{"start":{"line":53,"column":8},"end":{"line":53,"column":31}},"16":{"start":{"line":54,"column":8},"end":{"line":54,"column":29}},"17":{"start":{"line":55,"column":8},"end":{"line":55,"column":31}},"18":{"start":{"line":56,"column":8},"end":{"line":59,"column":11}},"19":{"start":{"line":57,"column":12},"end":{"line":57,"column":25}},"20":{"start":{"line":58,"column":12},"end":{"line":58,"column":19}},"21":{"start":{"line":60,"column":8},"end":{"line":60,"column":64}},"22":{"start":{"line":61,"column":8},"end":{"line":67,"column":9}},"23":{"start":{"line":62,"column":12},"end":{"line":62,"column":70}},"24":{"start":{"line":63,"column":12},"end":{"line":63,"column":56}},"25":{"start":{"line":64,"column":12},"end":{"line":66,"column":13}},"26":{"start":{"line":65,"column":16},"end":{"line":65,"column":72}},"27":{"start":{"line":68,"column":8},"end":{"line":72,"column":11}},"28":{"start":{"line":69,"column":12},"end":{"line":69,"column":50}},"29":{"start":{"line":70,"column":12},"end":{"line":70,"column":74}},"30":{"start":{"line":71,"column":12},"end":{"line":71,"column":32}},"31":{"start":{"line":73,"column":8},"end":{"line":77,"column":11}},"32":{"start":{"line":74,"column":12},"end":{"line":74,"column":50}},"33":{"start":{"line":75,"column":12},"end":{"line":75,"column":78}},"34":{"start":{"line":76,"column":12},"end":{"line":76,"column":32}},"35":{"start":{"line":78,"column":8},"end":{"line":87,"column":11}},"36":{"start":{"line":79,"column":12},"end":{"line":79,"column":50}},"37":{"start":{"line":80,"column":12},"end":{"line":85,"column":13}},"38":{"start":{"line":81,"column":16},"end":{"line":81,"column":51}},"39":{"start":{"line":83,"column":17},"end":{"line":85,"column":13}},"40":{"start":{"line":84,"column":16},"end":{"line":84,"column":85}},"41":{"start":{"line":86,"column":12},"end":{"line":86,"column":32}},"42":{"start":{"line":88,"column":8},"end":{"line":96,"column":11}},"43":{"start":{"line":89,"column":12},"end":{"line":89,"column":50}},"44":{"start":{"line":90,"column":12},"end":{"line":95,"column":13}},"45":{"start":{"line":91,"column":16},"end":{"line":91,"column":69}},"46":{"start":{"line":94,"column":16},"end":{"line":94,"column":63}},"47":{"start":{"line":97,"column":8},"end":{"line":107,"column":11}},"48":{"start":{"line":98,"column":12},"end":{"line":103,"column":13}},"49":{"start":{"line":99,"column":16},"end":{"line":99,"column":73}},"50":{"start":{"line":102,"column":16},"end":{"line":102,"column":75}},"51":{"start":{"line":104,"column":12},"end":{"line":106,"column":13}},"52":{"start":{"line":105,"column":16},"end":{"line":105,"column":40}},"53":{"start":{"line":111,"column":8},"end":{"line":113,"column":9}},"54":{"start":{"line":112,"column":12},"end":{"line":112,"column":19}},"55":{"start":{"line":119,"column":8},"end":{"line":141,"column":11}},"56":{"start":{"line":120,"column":12},"end":{"line":120,"column":57}},"57":{"start":{"line":121,"column":12},"end":{"line":121,"column":58}},"58":{"start":{"line":122,"column":12},"end":{"line":122,"column":55}},"59":{"start":{"line":123,"column":12},"end":{"line":123,"column":28}},"60":{"start":{"line":124,"column":12},"end":{"line":124,"column":73}},"61":{"start":{"line":125,"column":12},"end":{"line":136,"column":13}},"62":{"start":{"line":126,"column":16},"end":{"line":128,"column":17}},"63":{"start":{"line":127,"column":20},"end":{"line":127,"column":66}},"64":{"start":{"line":129,"column":16},"end":{"line":131,"column":17}},"65":{"start":{"line":130,"column":20},"end":{"line":130,"column":67}},"66":{"start":{"line":132,"column":16},"end":{"line":134,"column":17}},"67":{"start":{"line":133,"column":20},"end":{"line":133,"column":64}},"68":{"start":{"line":135,"column":16},"end":{"line":135,"column":42}},"69":{"start":{"line":137,"column":12},"end":{"line":139,"column":13}},"70":{"start":{"line":138,"column":16},"end":{"line":138,"column":82}},"71":{"start":{"line":140,"column":12},"end":{"line":140,"column":70}},"72":{"start":{"line":142,"column":8},"end":{"line":142,"column":42}},"73":{"start":{"line":146,"column":8},"end":{"line":146,"column":77}},"74":{"start":{"line":147,"column":8},"end":{"line":147,"column":39}},"75":{"start":{"line":148,"column":8},"end":{"line":148,"column":25}},"76":{"start":{"line":149,"column":8},"end":{"line":149,"column":51}},"77":{"start":{"line":150,"column":8},"end":{"line":152,"column":9}},"78":{"start":{"line":151,"column":12},"end":{"line":151,"column":56}},"79":{"start":{"line":153,"column":8},"end":{"line":153,"column":52}},"80":{"start":{"line":154,"column":8},"end":{"line":162,"column":9}},"81":{"start":{"line":155,"column":12},"end":{"line":161,"column":13}},"82":{"start":{"line":156,"column":16},"end":{"line":156,"column":75}},"83":{"start":{"line":163,"column":8},"end":{"line":163,"column":25}},"84":{"start":{"line":168,"column":8},"end":{"line":168,"column":69}},"85":{"start":{"line":169,"column":8},"end":{"line":169,"column":64}},"86":{"start":{"line":173,"column":8},"end":{"line":173,"column":74}},"87":{"start":{"line":174,"column":8},"end":{"line":174,"column":64}},"88":{"start":{"line":178,"column":8},"end":{"line":178,"column":25}},"89":{"start":{"line":179,"column":8},"end":{"line":181,"column":9}},"90":{"start":{"line":180,"column":12},"end":{"line":180,"column":41}},"91":{"start":{"line":182,"column":8},"end":{"line":182,"column":63}},"92":{"start":{"line":183,"column":8},"end":{"line":183,"column":40}},"93":{"start":{"line":184,"column":8},"end":{"line":186,"column":9}},"94":{"start":{"line":185,"column":12},"end":{"line":185,"column":40}},"95":{"start":{"line":187,"column":8},"end":{"line":187,"column":43}},"96":{"start":{"line":191,"column":8},"end":{"line":191,"column":43}},"97":{"start":{"line":192,"column":8},"end":{"line":192,"column":19}},"98":{"start":{"line":193,"column":8},"end":{"line":196,"column":9}},"99":{"start":{"line":194,"column":12},"end":{"line":194,"column":31}},"100":{"start":{"line":195,"column":12},"end":{"line":195,"column":37}},"101":{"start":{"line":197,"column":8},"end":{"line":199,"column":9}},"102":{"start":{"line":198,"column":12},"end":{"line":198,"column":77}},"103":{"start":{"line":200,"column":8},"end":{"line":202,"column":23}},"104":{"start":{"line":201,"column":28},"end":{"line":201,"column":75}},"105":{"start":{"line":203,"column":8},"end":{"line":203,"column":46}},"106":{"start":{"line":204,"column":8},"end":{"line":206,"column":9}},"107":{"start":{"line":205,"column":12},"end":{"line":205,"column":32}},"108":{"start":{"line":207,"column":8},"end":{"line":207,"column":25}},"109":{"start":{"line":211,"column":8},"end":{"line":213,"column":9}},"110":{"start":{"line":212,"column":12},"end":{"line":212,"column":19}},"111":{"start":{"line":214,"column":8},"end":{"line":214,"column":27}},"112":{"start":{"line":215,"column":8},"end":{"line":215,"column":47}},"113":{"start":{"line":216,"column":8},"end":{"line":228,"column":9}},"114":{"start":{"line":217,"column":12},"end":{"line":217,"column":49}},"115":{"start":{"line":218,"column":12},"end":{"line":218,"column":54}},"116":{"start":{"line":219,"column":12},"end":{"line":227,"column":13}},"117":{"start":{"line":220,"column":16},"end":{"line":220,"column":48}},"118":{"start":{"line":222,"column":17},"end":{"line":227,"column":13}},"119":{"start":{"line":223,"column":16},"end":{"line":223,"column":51}},"120":{"start":{"line":226,"column":16},"end":{"line":226,"column":34}},"121":{"start":{"line":229,"column":8},"end":{"line":229,"column":46}},"122":{"start":{"line":230,"column":8},"end":{"line":233,"column":9}},"123":{"start":{"line":231,"column":12},"end":{"line":231,"column":36}},"124":{"start":{"line":232,"column":12},"end":{"line":232,"column":68}},"125":{"start":{"line":237,"column":8},"end":{"line":237,"column":32}},"126":{"start":{"line":238,"column":8},"end":{"line":238,"column":28}},"127":{"start":{"line":242,"column":8},"end":{"line":250,"column":9}},"128":{"start":{"line":243,"column":12},"end":{"line":245,"column":13}},"129":{"start":{"line":244,"column":16},"end":{"line":244,"column":35}},"130":{"start":{"line":246,"column":12},"end":{"line":248,"column":13}},"131":{"start":{"line":247,"column":16},"end":{"line":247,"column":41}},"132":{"start":{"line":249,"column":12},"en
[...]
l)) {","        intervalOrMutationEl.onMutation(intervalOrMutationEl, function() {","          waitFor(fn, next, intervalOrMutationEl, timeout, timeoutTime);","        });","      } else {","        setTimeout$1(function() {","          waitFor(fn, next, intervalOrMutationEl, timeout, timeoutTime);","        }, intervalOrMutationEl);","      }","      return;","    }","  }","  next();","};","","// You can configure WCT before it has loaded by assigning your custom","// configuration to the global `WCT`.","setup(window.WCT);","","// Maybe some day we'll expose WCT as a module to whatever module registry you","// are using (aka the UMD approach), or as an es6 module.","var WCT = window.WCT = {};","// A generic place to hang data about the current suite. This object is reported","// back via the `sub-suite-start` and `sub-suite-end` events.","WCT.share = {};","// Until then, we get to rely on it to expose parent runners to their children.","WCT._ChildRunner = ChildRunner;","WCT._config      = _config;","","","// Public Interface","","/**"," * Loads suites of tests, supporting both `.js` and `.html` files."," *"," * @param {!Array.<string>} files The files to load."," */","WCT.loadSuites = loadSuites;","","","// Load Process","","listenForErrors();","stubInterfaces();","loadSync();","","// Give any scripts on the page a chance to declare tests and muck with things.","document.addEventListener('DOMContentLoaded', function() {","  debug('DOMContentLoaded');","","  ensureDependenciesPresent();","","  // We need the socket built prior to building its reporter.","  CLISocket.init(function(error, socket) {","    if (error) throw error;","","    // Are we a child of another run?","    var current = ChildRunner.current();","    var parent  = current && current.parentScope.WCT._reporter;","    debug('parentReporter:', parent);","","    var childSuites    = activeChildSuites();","    var reportersToUse = determineReporters(socket, parent);","    // +1 for any local tests.","    var reporter = new MultiReporter(childSuites.length + 1, reportersToUse, parent);","    WCT._reporter = reporter; // For environment/compatibility.js","","    // We need the reporter so that we can report errors during load.","    loadJsSuites(reporter, function(error) {","      // Let our parent know that we're about to start the tests.","      if (current) current.ready(error);","      if (error) throw error;","","      // Emit any errors we've encountered up til now","      globalErrors.forEach(function onError(error) {","        reporter.emitOutOfBandTest('Test Suite Initialization', error);","      });","","      runSuites(reporter, childSuites, function(error) {","        // Make sure to let our parent know that we're done.","        if (current) current.done();","        if (error) throw error;","      });","    });","  });","});","","}());","//# sourceMappingURL=browser.js.map"],"l":{"11":2,"18":1,"19":0,"20":0,"21":0,"22":0,"25":1,"26":0,"27":0,"28":0,"29":0,"30":0,"33":0,"34":0,"35":0,"36":0,"38":0,"42":1,"44":0,"45":0,"46":0,"47":0,"48":0,"51":0,"56":0,"57":0,"58":0,"59":0,"60":0,"61":0,"62":0,"63":0,"64":0,"67":0,"76":1,"77":0,"78":0,"80":0,"88":1,"89":0,"90":0,"91":0,"92":0,"93":0,"95":0,"102":1,"103":0,"104":0,"105":0,"106":0,"107":0,"108":0,"110":0,"117":1,"118":0,"119":0,"120":0,"121":0,"130":1,"131":0,"132":0,"145":1,"146":0,"147":0,"148":0,"149":0,"151":0,"158":1,"159":2,"160":0,"161":0,"164":0,"165":0,"167":0,"169":0,"170":0,"171":0,"172":0,"173":0,"174":0,"176":0,"177":0,"179":0,"180":0,"182":0,"185":0,"194":1,"195":0,"196":0,"197":0,"199":0,"207":1,"208":2,"209":0,"216":1,"217":0,"218":0,"219":0,"220":0,"223":0,"230":1,"231":0,"239":1,"240":0,"241":0,"242":0,"244":0,"251":1,"252":0,"253":0,"254":0,"256":0,"270":1,"271":0,"272":0,"273":0,"275":0,"277":0,"278":0,"279":0,"280":0,"282":1,"283":0,"284":0,"285":0,"287":0,"288":0,"289":0,"291":0,"295":1,"296":0,"297":0,"298":0,"299":0,"301":0,"310":1,"311":0,"312":0,"313":0,"314":0,"318":2,"347":1,"348":0,"349":0,"351":0,"353":0,"354":0,"356":0,"360":2,"364":2,"369":2,"370":0,"378":2,"379":0,"380":0,"381":0,"382":0,"383":0,"384":0,"386":0,"389":0,"397":2,"398":0,"399":0,"400":0,"402":0,"403":0,"404":0,"406":0,"407":0,"408":0,"409":0,"410":0,"412":0,"415":0,"416":0,"418":0,"421":0,"424":0,"432":2,"433":0,"436":0,"437":0,"440":0,"441":0,"442":0,"452":2,"453":0,"454":0,"455":0,"457":0,"458":0,"459":0,"464":2,"465":0,"468":0,"469":0,"471":0,"474":0,"475":0,"476":0,"480":2,"481":0,"482":0,"483":0,"484":0,"490":2,"543":1,"544":0,"545":0,"546":0,"548":0,"551":0,"552":0,"555":0,"557":0,"558":0,"559":0,"560":0,"571":1,"572":0,"577":1,"578":0,"579":0,"580":0,"582":0,"587":2,"588":2,"591":2,"593":0,"594":0,"602":1,"603":0,"604":0,"605":0,"606":0,"607":0,"609":0,"618":1,"619":0,"620":0,"621":0,"622":0,"623":0,"624":0,"627":0,"629":0,"638":1,"639":0,"641":0,"643":0,"646":0,"654":1,"655":0,"657":0,"663":0,"664":0,"665":0,"666":0,"667":0,"668":0,"669":0,"670":0,"675":0,"676":0,"677":0,"687":1,"688":0,"689":0,"690":0,"691":0,"693":0,"694":0,"695":0,"697":0,"698":0,"699":0,"703":0,"704":0,"705":0,"707":0,"714":0,"715":0,"716":0,"717":0,"718":0,"719":0,"726":0,"728":0,"729":0,"741":0,"742":0,"743":0,"745":0,"747":1,"748":0,"749":0,"750":0,"752":0,"756":1,"757":0,"758":0,"759":0,"760":0,"762":0,"763":0,"767":1,"768":0,"769":0,"771":0,"775":1,"776":0,"784":1,"785":0,"787":0,"788":0,"789":0,"792":0,"793":0,"794":0,"797":0,"798":0,"801":0,"802":0,"805":0,"806":0,"809":0,"810":0,"813":0,"817":0,"818":0,"820":0,"821":0,"823":0,"824":0,"826":0,"828":0,"829":0,"831":0,"832":0,"850":1,"851":0,"852":0,"853":0,"855":0,"856":0,"859":0,"864":0,"865":0,"902":0,"904":0,"911":0,"916":0,"932":0,"943":1,"944":0,"945":0,"948":0,"949":0,"951":0,"954":0,"956":0,"958":0,"966":0,"967":0,"970":0,"971":1,"972":0,"973":0,"975":0,"976":0,"980":0,"981":0,"982":0,"983":0,"998":0,"999":0,"1000":0,"1001":0,"1002":0,"1004":0,"1005":0,"1006":0,"1008":0,"1009":0,"1012":0,"1013":0,"1014":0,"1015":0,"1016":0,"1017":0,"1019":0,"1021":0,"1022":0,"1023":0,"1030":0,"1031":0,"1032":0,"1033":0,"1039":0,"1040":0,"1041":0,"1052":0,"1053":0,"1054":0,"1055":0,"1056":0,"1059":0,"1060":0,"1061":0,"1063":0,"1069":0,"1070":0,"1073":0,"1074":0,"1075":0,"1076":0,"1078":0,"1079":0,"1090":0,"1092":0,"1093":0,"1097":0,"1098":0,"1100":0,"1101":0,"1111":0,"1112":0,"1113":0,"1114":0,"1115":0,"1116":0,"1118":0,"1120":0,"1124":0,"1125":0,"1126":0,"1127":0,"1131":0,"1132":0,"1133":0,"1134":0,"1142":0,"1143":0,"1144":0,"1145":0,"1146":0,"1150":0,"1151":0,"1159":1,"1160":0,"1162":0,"1166":0,"1167":0,"1168":0,"1172":0,"1173":0,"1174":0,"1176":0,"1189":1,"1190":0,"1191":0,"1193":0,"1194":0,"1195":0,"1196":0,"1197":0,"1201":0,"1202":0,"1203":0,"1204":0,"1206":0,"1207":0,"1208":0,"1209":0,"1210":0,"1211":0,"1212":0,"1214":0,"1218":0,"1219":0,"1220":0,"1221":0,"1224":0,"1225":0,"1226":0,"1227":0,"1228":0,"1229":0,"1237":1,"1239":0,"1240":0,"1244":0,"1246":0,"1247":0,"1248":0,"1252":0,"1253":0,"1256":0,"1262":1,"1263":0,"1264":0,"1266":0,"1269":1,"1270":0,"1272":0,"1273":0,"1276":0,"1282":1,"1283":0,"1284":0,"1285":0,"1286":0,"1287":0,"1289":0,"1291":0,"1292":0,"1293":0,"1295":0,"1297":0,"1299":0,"1300":0,"1301":0,"1302":0,"1304":0,"1306":0,"1311":0,"1313":0,"1321":1,"1322":0,"1323":0,"1326":1,"1327":0,"1328":0,"1329":0,"1331":0,"1333":0,"1336":0,"1337":0,"1341":1,"1342":0,"1343":0,"1344":0,"1347":0,"1348":0,"1353":0,"1358":1,"1359":0,"1360":0,"1364":0,"1365":0,"1366":0,"1367":0,"1368":0,"1369":0,"1374":0,"1381":1,"1382":0,"1383":0,"1385":0,"1387":0,"1390":0,"1393":0,"1395":0,"1397":0,"1399":0,"1404":0,"1415":1,"1416":0,"1417":0,"1421":0,"1425":0,"1429":0,"1430":0,"1435":0,"1457":0,"1459":0,"1461":0,"1464":0,"1465":0,"1467":0,"1471":0,"1473":0,"1475":0,"1476":0,"1484":0,"1485":0,"1501":0,"1502":0,"1503":0,"1506":0,"1507":0,"1509":0,"1512":0,"1513":0,"1518":0,"1521":0,"1522":0,"1523":0,"1524":0,"1525":0,"1528":0,"1531":0,"1533":0,"1538":0,"1539":0,"1541":0,"1542":0,"1545":0,"1546":0,"1550":0,"1553":0,"1555":0,"1560":0,"1564":0,"1567":0,"1569":0,"1570":0,"1572":0,"1573":0,"1577":0,"1589":0,"1622":1,"1623":0,"1624":0,"1625":0,"1626":0,"1627":0,"1628":0,"1630":0,"1637":0,"1644":1,"1645":0,"1646":0,"1647":0,"1649":0,"1651":0,"1653":0,"1654":0,"1655":0,"1658":0,"1659":0,"1667":1,"1668":0,"1669":0,"1676":0,"1677":0,"1687":0,"1688":0,"1691":0,"1692":0,"1700":0,"1702":0,"1703":0,"1707":0,"1708":0,"1711":0,"1712":0,"1715":0,"1716":0,"1724":0,"1725":0,"1738":0,"1739":0,"1740":0,"1742":0,"1744":0,"1745":0,"1747":0,"1748":0,"1749":0,"1750":0,"1753":0,"1754":0,"1755":0,"1766":1,"1767":0,"1768":0,"1769":0,"1770":0,"1772":0,"1779":1,"1780":0,"1781":0,"1782":0,"1783":0,"1784":0,"1785":0,"1787":0,"1802":0,"1803":0,"1804":0,"1813":0,"1814":0,"1815":0,"1816":0,"1818":0,"1820":0,"1835":0,"1836":0,"1837":0,"1840":0,"1841":0,"1842":0,"1844":0,"1847":0,"1848":0,"1858":0,"1859":0,"1860":0,"1862":0,"1863":0,"1864":0,"1865":0,"1866":0,"1870":0,"1871":0,"1872":0,"1873":0,"1876":0,"1877":0,"1887":0,"1894":0,"1898":0,"1899":0,"1900":0,"1901":0,"1902":0,"1903":0,"1908":0,"1909":0,"1910":0,"1911":0,"1912":0,"1913":0,"1914":0,"1916":0,"1917":0,"1922":0,"1931":0,"1932":0,"1933":0,"1934":0,"1943":0,"1944":0,"1945":0,"1951":0,"1952":0,"1953":0,"1954":0,"1955":0,"1957":0,"1958":0,"1960":0,"1961":0,"1962":0,"1965":0,"1966":0,"1969":0,"1972":0,"1977":0,"1981":0,"1984":0,"1986":0,"1987":0,"1997":0,"2002":0,"2003":0,"2004":0,"2007":0,"2008":0,"2010":0,"2013":0,"2014":0,"2017":0,"2018":0,"2019":0,"2021":0,"2022":0,"2024":0,"2025":0,"2028":0,"2030":0,"2031":0,"2034":0,"2035":0,"2038":0,"2040":0,"2041":0}},"/home/travis/build/npmtest/node-npmtest-web-component-tester/node_modules/web-component-tester/data/a11ySuite.js":{"path":"/home/travis/build/npmtest/node-npmtest-web-component-tester/node_modules/web-component-tester/data/a11ySuite.js","s":{"1":2,"2":0,"3":0,"4":0,"5":0,"6":0,"7":0,"8":0,"9":0,"10":0,"11":0,"12":0,"13":0,"14":0,"15":0,"16":0,"17":0,"18":0,"19":0,"20":0,"21":0,"22":0,"23":0,"24":0,"25":0,"26":0,"27":0,"28":0,"29":0,"30":0,"31":0,"32":0,"33":0,"34":0,"35":0,"36":0,"37":0,"38":0,"39":0,"40":0,"41":0,"42":0,"43":0,"44":0},"b":{"1":[0,0],"2":[0,0],"3":[0,0],"4":[0,0],"5":[0,0]},"f":{"1":0,"2":0,"3":0,"4":0,"5":0,"6":0,"7":0,"8":0,"9":0,"10":0,"11":0},"fnMap":{"1":{"name":"(anonymous_1)","line":11,"loc":{"start":{"line":11,"column":1},"end":{"line":11,"column":28}}},"2":{"name":"(anonymous_2)","line":13,"loc":{"start":{"line":13,"column":40},"end":{"line":13,"column":56}}},"3":{"name":"(anonymous_3)","line":16,"loc":{"start":{"line":16,"column":30},"end":{"line":16,"column":46}}},"4":{"name":"(anonymous_4)","line":22,"loc":{"start":{"line":22,"column":30},"end":{"line":22,"column":61}}},"5":{"name":"(anonymous_5)","line":30,"loc":{"start":{"line":30,"column":28},"end":{"line":30,"column":62}}},"6":{"name":"(anonymous_6)","line":50,"loc":{"start":{"line":50,"column":31},"end":{"line":50,"column":42}}},"7":{"name":"(anonymous_7)","line":58,"loc":{"start":{"line":58,"column":33},"end":{"line":58,"column":57}}},"8":{"name":"(anonymous_8)","line":64,"loc":{"start":{"line":64,"column":43},"end":{"line":64,"column":54}}},"9":{"name":"(anonymous_9)","line":87,"loc":{"start":{"line":87,"column":11},"end":{"line":87,"column":32}}},"10":{"name":"(anonymous_10)","line":91,"loc":{"start":{"line":91,"column":28},"end":{"line":91,"column":52}}},"11":{"name":"(anonymous_11)","line":96,"loc":{"start":{"line":96,"column":37},"end":{"line":96,"column":56}}}},"statementMap":{"1":{"start":{"line":11,"column":0},"end":{"line":119,"column":42}},"2":{"start":{"line":13,"column":2},"end":{"line":85,"column":5}},"3":{"start":{"line":14,"column":4},"end":{"line":14,"column":39}},"4":{"start":{"line":16,"column":4},"end":{"line":84,"column":6}},"5":{"start":{"line":17,"column":6},"end":{"line":17,"column":34}},"6":{"start":{"line":19,"column":6},"end":{"line":19,"column":30}},"7":{"start":{"line":20,"column":6},"end":{"line":20,"column":28}},"8":{"start":{"line":22,"column":6},"end":{"line":83,"column":9}},"9":{"start":{"line":30,"column":8},"end":{"line":82,"column":10}},"10":{"start":{"line":32,"column":10},"end":{"line":32,"column":66}},"11":{"start":{"line":33,"column":10},"end":{"line":35,"column":11}},"12":{"start":{"line":34,"column":12},"end":{"line":34,"column":19}},"13":{"start":{"line":38,"column":10},"end":{"line":38,"column":55}},"14":{"start":{"line":39,"column":10},"end":{"line":39,"column":42}},"15":{"start":{"line":40,"column":10},"end":{"line":40,"column":56}},"16":{"start":{"line":41,"column":10},"end":{"line":41,"column":54}},"17":{"start":{"line":44,"column":10},"end":{"line":44,"column":84}},"18":{"start":{"line":50,"column":10},"end":{"line":79,"column":12}},"19":{"start":{"line":52,"column":12},"end":{"line":52,"column":36}},"20":{"start":{"line":55,"column":12},"end":{"line":55,"column":56}},"21":{"start":{"line":58,"column":12},"end":{"line":72,"column":15}},"22":{"start":{"line":60,"column":14},"end":{"line":71,"column":15}},"23":{"start":{"line":61,"column":16},"end":{"line":61,"column":48}},"24":{"start":{"line":63,"column":16},"end":{"line":63,"column":106}},"25":{"start":{"line":64,"column":16},"end":{"line":68,"column":19}},"26":{"start":{"line":65,"column":18},"end":{"line":67,"column":19}},"27":{"start":{"line":66,"column":20},"end":{"line":66,"column":43}},"28":{"start":{"line":69,"column":16},"end":{"line":69,"column":33}},"29":{"start":{"line":70,"column":16},"end":{"line":70,"column":40}},"30":{"start":{"line":75,"column":12},"end":{"line":75,"column":37}},"31":{"start":{"line":77,"column":12},"end":{"line":77,"column":55}},"32":{"start":{"line":78,"column":12},"end":{"line":78,"column":43}},"33":{"start":{"line":81,"column":10},"end":{"line":81,"column":27}},"34":{"start":{"line":87,"column":2},"end":{"line":118,"column":5}},"35":{"start":{"line":88,"column":4},"end":{"line":88,"column":35}},"36":{"start":{"line":91,"column":4},"end":{"line":93,"column":6}},"37":{"start":{"line":92,"column":6},"end":{"line":92,"column":54}},"38":{"start":{"line":96,"column":4},"end":{"line":117,"column":7}},"39":{"start":{"line":97,"column":6},"end":{"line":99,"column":7}},"40":{"start":{"line":98,"column":8},"end":{"line":98,"column":40}},"41":{"start":{"line":101,"column":6},"end":{"line":101,"column":27}},"42":{"start":{"line":104,"column":6},"end":{"line":104,"column":49}},"43":{"start":{"line":107,"column":6},"end":{"line":107,"column":74}},"44":{"start":{"line":109,"column":6},"end":{"line":116,"column":8}}},"branchMap":{"1":{"line":33,"type":"if","locations":[{"start":{"line":33,"column":10},"end":{"line":33,"column":10}},{"start":{"line":33,"column":10},"end":{"line":33,"column":10}}]},"2":{"line":60,"type":"if","locations":[{"start":{"line":60,"column":14},"end":{"line":60,"column":14}},{"start":{"line":60,"column":14},"end":{"line":60,"column":14}}]},"3":{"line":63,"type":"cond-expr","locations":[{"start":{"line":63,"column":55},"end":{"line":63,"column":98}},{"start":{"line":63,"column":101},"end":{"line":63,"column":105}}]},"4":{"line":65,"type":"if","locations":[{"start":{"line":65,"column":18},"end":{"line":65,"column":18}},{"start":{"line":65,"column":18},"end":{"line":65,"column":18}}]},"5":{"line":97,"type":"if","locations":[{"start":{"line":97,"column":6},"end":{"line":97,"column":6}},{"start":{"line":97,"column":6},"end":{"line":97,"column":6}}]}},"code":["/**"," * @license"," * Copyright (c) 2015 The Polymer Project Authors. All rights reserved."," * This code may only be used under the BSD style license found at http://polymer.github.io/LICENSE.txt"," * The complete set of authors may be found at http://polymer.github.io/AUTHORS.txt"," * The complete set of contributors may be found at http://polymer.github.io/CONTRIBUTORS.txt"," * Code distributed by Google as part of the polymer project is also"," * subject to an additional IP rights grant found at http://polymer.github.io/PATENTS.txt"," */","","(function(Mocha, chai, axs) {","","  Object.keys(Mocha.interfaces).forEach(function(iface) {","    var orig = Mocha.interfaces[iface];","","    Mocha.interfaces[iface] = function(suite) {","      orig.apply(this, arguments);","","      var Suite = Mocha.Suite;","      var Test = Mocha.Test;","","      suite.on('pre-require', function(context, file, mocha) {","","        /**","          * Runs the Chrome Accessibility Developer Tools Audit against a test-fixture","          *","          * @param {String} fixtureId ID of the fixture element in the document to use","          * @param {Array?} ignoredRules Array of rules to ignore for this suite","          */","        context.a11ySuite = function(fixtureId, ignoredRules) {","          // capture a reference to the fixture element early","          var fixtureElement = document.getElementById(fixtureId);","          if (!fixtureElement) {","            return;","          }","","          // build an audit config to disable certain ignorable tests","          var axsConfig = new axs.AuditConfiguration();","          axsConfig.scope = document.body;","          axsConfig.showUnsupportedRulesWarning = false;","          axsConfig.auditRulesToIgnore = ignoredRules;","","          // build mocha suite","          var a11ySuite = Suite.create(suite, 'A11y Audit - Fixture: ' + fixtureId);","","          // override the `eachTest` function to hackily create the tests","          //","          // eachTest is called right before test runs to calculate the total","          // number of tests","          a11ySuite.eachTest = function() {","            // instantiate fixture","            fixtureElement.create();","","            // run audit","            var auditResults = axs.Audit.run(axsConfig);","","            // create tests for audit results","            auditResults.forEach(function(result, index) {","              // only show applicable tests","              if (result.result !== 'NA') {","                var title = result.rule.heading;","                // fail test if audit result is FAIL","                var error = result.result === 'FAIL' ? axs.Audit.accessibilityErrorMessage(result) : null;","                var test = new Test(title, function() {","                  if (error) {","                    throw new Error(error);","                  }","                });","                test.file = file;","                a11ySuite.addTest(test);","              }","            });","","            // teardown fixture","            fixtureElement.restore();","","            suite.eachTest.apply(a11ySuite, arguments);","            this.eachTest = suite.eachTest;","          };","","          return a11ySuite;","        };","      });","    };","  });","","  chai.use(function(chai, util) {","    var Assertion = chai.Assertion;","","    // assert","    chai.assert.a11yLabel = function(node, exp, msg){","      new Assertion(node).to.have.a11yLabel(exp, msg);","    };","","    // expect / should","    Assertion.addMethod('a11yLabel', function(str, msg) {","      if (msg) {","        util.flag(this, 'message', msg);","      }","","      var node = this._obj;","","      // obj must be a Node","      new Assertion(node).to.be.instanceOf(Node);","","      // vind the text alternative with the help of accessibility dev tools","      var textAlternative = axs.properties.findTextAlternatives(node, {});","","      this.assert(","        textAlternative === str,","        'expected #{this} to have text alternative #{exp} but got #{act}',","        'expected #{this} to not have text alternative #{act}',","        str,","        textAlternative,","        true","      );","    });","  });","})(window.Mocha, window.chai, window.axs);",""],"l":{"11":2,"13":0,"14":0,"16":0,"17":0,"19":0,"20":0,"22":0,"30":0,"32":0,"33":0,"34":0,"38":0,"39":0,"40":0,"41":0,"44":0,"50":0,"52":0,"55":0,"58":0,"60":0,"61":0,"63":0,"64":0,"65":0,"66":0,"69":0,"70":0,"75":0,"77":0,"78":0,"81":0,"87":0,"88":0,"91":0,"92":0,"96":0,"97":0,"98":0,"101":0,"104":0,"107":0,"109":0}}}